Molecule,Upper Manifold,J',Sym',#',Lower Manifold,"J""","Sym""","#""",Position,Intensity,Eupper,Elower,Spol,A,Width,Branch,Label
AsymmetricTop,Excited,18,E-,1,Ground,18,E+,1,2.62112680551166,0.000199926482512237,69.685533836578,67.0644070310664,0.872980976795108,3.9975195293167E-7,0,"rQ0,18(18)",Excited v=1 18  1 17 - Ground v=0 18  0 18
AsymmetricTop,Excited,18,E-,1,Ground,18,E+,2,-9.28090511090205,0.000318215032019539,69.685533836578,78.9664389474801,1.73556081486434,3.52803229449335E-5,0,"pQ2,16(18)",Excited v=1 18  1 17 - Ground v=0 18  2 16
AsymmetricTop,Excited,18,E-,2,Ground,18,E+,2,0.485285005495257,0.000479976049481743,79.4517239529753,78.9664389474801,2.61781355288946,7.60765917541748E-9,0,"rQ2,16(18)",Excited v=1 18  3 15 - Ground v=0 18  2 16
AsymmetricTop,Excited,18,E-,3,Ground,18,E+,2,6.29126312815491,1.53311865353661E-5,85.257702075635,78.9664389474801,0.0836170636795169,5.29456372885239E-7,0,"tQ2,16(18)",Excited v=1 18  5 13 - Ground v=0 18  2 16
AsymmetricTop,Excited,18,E-,1,Ground,18,E+,3,-17.2525753281522,2.17327048507936E-6,69.685533836578,86.9381091647302,0.0137569712728499,1.79641364742328E-6,0,"nQ4,14(18)",Excited v=1 18  1 17 - Ground v=0 18  4 14
AsymmetricTop,Excited,18,E-,2,Ground,18,E+,3,-7.48638521175491,0.000612184311263697,79.4517239529753,86.9381091647302,3.87517432439457,4.13456165300174E-5,0,"pQ4,14(18)",Excited v=1 18  3 15 - Ground v=0 18  4 14
AsymmetricTop,Excited,18,E-,3,Ground,18,E+,3,-1.68040708909525,0.000762662980265113,85.257702075635,86.9381091647302,4.82771600792716,5.82514778787419E-7,0,"rQ4,14(18)",Excited v=1 18  5 13 - Ground v=0 18  4 14
AsymmetricTop,Excited,18,E-,4,Ground,18,E+,3,7.32826017957464,9.67323775598277E-6,94.2663693443049,86.9381091647302,0.0612323476705397,6.12780969044397E-7,0,"tQ4,14(18)",Excited v=1 18  7 11 - Ground v=0 18  4 14
AsymmetricTop,Excited,18,E-,2,Ground,18,E+,4,-14.2784020748066,2.36642531771087E-5,79.4517239529753,93.7301260277819,0.170066548470844,1.25886580935195E-5,0,"nQ6,12(18)",Excited v=1 18  3 15 - Ground v=0 18  6 12
AsymmetricTop,Excited,18,E-,3,Ground,18,E+,4,-8.4724239521469,0.000534138792079744,85.257702075635,93.7301260277819,3.83866501484442,5.93642480473501E-5,0,"pQ6,12(18)",Excited v=1 18  5 13 - Ground v=0 18  6 12
AsymmetricTop,Excited,18,E-,4,Ground,18,E+,4,0.536243316522999,0.000461252810649719,94.2663693443049,93.7301260277819,3.3148594588041,1.29978797821861E-8,0,"rQ6,12(18)",Excited v=1 18  7 11 - Ground v=0 18  6 12
AsymmetricTop,Excited,18,E-,5,Ground,18,E+,4,14.0649881268968,1.00022546942601E-6,107.795114154679,93.7301260277819,0.00718826374974976,5.08585333458975E-7,0,"tQ6,12(18)",Excited v=1 18  9  9 - Ground v=0 18  6 12
AsymmetricTop,Excited,18,E-,3,Ground,18,E+,5,-20.5954308819973,1.86446230121369E-6,85.257702075635,105.853132957632,0.0168057383545438,3.73329203196409E-6,0,"nQ8,10(18)",Excited v=1 18  5 13 - Ground v=0 18  8 10
AsymmetricTop,Excited,18,E-,4,Ground,18,E+,5,-11.5867636133274,0.000338034758951426,94.2663693443049,105.853132957632,3.04695016358383,0.000120523992518556,0,"pQ8,10(18)",Excited v=1 18  7 11 - Ground v=0 18  8 10
AsymmetricTop,Excited,18,E-,5,Ground,18,E+,5,1.94198119704642,0.000311810560613349,107.795114154679,105.853132957632,2.81057262162952,5.23421540928114E-7,0,"rQ8,10(18)",Excited v=1 18  9  9 - Ground v=0 18  8 10
AsymmetricTop,Excited,18,E-,5,Ground,18,E+,6,-14.2423249452515,0.000211570304652943,107.795114154679,122.03743909993,2.58044104031968,0.000189565076061391,0,"pQ10,8(18)",Excited v=1 18  9  9 - Ground v=0 18 10  8
AsymmetricTop,Excited,18,E-,6,Ground,18,E+,6,2.92969331580316,0.000192432665597129,124.967132415733,122.03743909993,2.3470266709664,1.50074264614344E-6,0,"rQ10,8(18)",Excited v=1 18 11  7 - Ground v=0 18 10  8
AsymmetricTop,Excited,18,E-,6,Ground,18,E+,7,-17.0135459404732,0.000118898853208137,124.967132415733,141.980678356207,2.10501783779734,0.000263610080174159,0,"pQ12,6(18)",Excited v=1 18 11  7 - Ground v=0 18 12  6
AsymmetricTop,Excited,18,E-,7,Ground,18,E+,7,3.69343977778817,0.000104561011972842,145.674118133995,141.980678356207,1.85117677254359,2.37171596677778E-6,0,"rQ12,6(18)",Excited v=1 18 13  5 - Ground v=0 18 12  6
AsymmetricTop,Excited,18,E-,7,Ground,18,E+,8,-19.9483487936332,5.74999970011424E-5,145.674118133995,165.622466927628,1.58342849768882,0.000319625216263359,0,"pQ14,4(18)",Excited v=1 18 13  5 - Ground v=0 18 14  4
AsymmetricTop,Excited,18,E-,8,Ground,18,E+,8,4.25870671433285,4.7221901902688E-5,169.881173641961,165.622466927628,1.3003914623908,2.55404782482851E-6,0,"rQ14,4(18)",Excited v=1 18 15  3 - Ground v=0 18 14  4
AsymmetricTop,Excited,18,E-,8,Ground,18,E+,9,-23.0579010924623,2.18212546252248E-5,169.881173641961,192.939074734423,1.0011149291657,0.000312079306433274,0,"pQ16,2(18)",Excited v=1 18 15  3 - Ground v=0 18 16  2
AsymmetricTop,Excited,18,E-,9,Ground,18,E+,9,4.63405806971593,1.49293231970881E-5,197.573132804139,192.939074734423,0.684927085616218,1.73320715932084E-6,0,"rQ16,2(18)",Excited v=1 18 17  1 - Ground v=0 18 16  2
AsymmetricTop,Excited,18,E-,9,Ground,18,E+,10,-26.3462773926784,4.29260448534937E-6,197.573132804139,223.919410196817,0.351341733572392,0.000163383892483399,0,"pQ18,0(18)",Excited v=1 18 17  1 - Ground v=0 18 18  0
AsymmetricTop,Excited,19,E+,1,Ground,18,E+,1,3.55465020434771,0.00134593734225452,70.6190572354141,67.0644070310664,5.87704880805097,6.36808342364866E-6,0,"rR0,18(18)",Excited v=1 19  1 19 - Ground v=0 18  0 18
AsymmetricTop,Excited,19,E+,2,Ground,18,E+,1,15.6079971512413,6.95832346091382E-6,82.6724041823076,67.0644070310664,0.0303835886843708,2.78701582742016E-6,0,"tR0,18(18)",Excited v=1 19  3 17 - Ground v=0 18  0 18
AsymmetricTop,Excited,19,E+,1,Ground,18,E+,2,-8.34738171206601,1.35362703995889E-6,70.6190572354141,78.9664389474801,0.00738275006552555,1.03592382690422E-7,0,"pR2,16(18)",Excited v=1 19  1 19 - Ground v=0 18  2 16
AsymmetricTop,Excited,19,E+,2,Ground,18,E+,2,3.70596523482756,0.00073108468601583,82.6724041823076,78.9664389474801,3.98737270626036,4.89609335613524E-6,0,"rR2,16(18)",Excited v=1 19  3 17 - Ground v=0 18  2 16
AsymmetricTop,Excited,19,E+,3,Ground,18,E+,2,13.4263110512039,3.24879876753979E-5,92.392749998684,78.9664389474801,0.177191121379062,1.03459626285356E-5,0,"tR2,16(18)",Excited v=1 19  5 15 - Ground v=0 18  2 16
AsymmetricTop,Excited,19,E+,2,Ground,18,E+,3,-4.2657049824226,1.26456865745742E-5,82.6724041823076,86.9381091647302,0.0800481799786316,1.49893481243327E-7,0,"pR4,14(18)",Excited v=1 19  3 17 - Ground v=0 18  4 14
AsymmetricTop,Excited,19,E+,3,Ground,18,E+,3,5.45464083395376,0.000303413354655346,92.392749998684,86.9381091647302,1.92063014357837,7.51970934139979E-6,0,"rR4,14(18)",Excited v=1 19  5 15 - Ground v=0 18  4 14
AsymmetricTop,Excited,19,E+,4,Ground,18,E+,3,15.5217615653386,9.79254170907582E-6,102.459870730069,86.9381091647302,0.061987550976666,5.59224689963912E-6,0,"tR4,14(18)",Excited v=1 19  7 13 - Ground v=0 18  4 14
AsymmetricTop,Excited,19,E+,3,Ground,18,E+,4,-1.33737602909788,8.64548353457551E-5,92.392749998684,93.7301260277819,0.621320070226875,3.58537695154882E-8,0,"pR6,12(18)",Excited v=1 19  5 15 - Ground v=0 18  6 12
AsymmetricTop,Excited,19,E+,4,Ground,18,E+,4,8.72974470228695,0.000296420513418218,102.459870730069,93.7301260277819,2.13026852086575,3.41898987533432E-5,0,"rR6,12(18)",Excited v=1 19  7 13 - Ground v=0 18  6 12
AsymmetricTop,Excited,19,E+,5,Ground,18,E+,4,22.2020700247431,1.33661432563073E-6,115.932196052525,93.7301260277819,0.00960577049676731,2.53612961765484E-6,0,"tR6,12(18)",Excited v=1 19  9 11 - Ground v=0 18  6 12
AsymmetricTop,Excited,19,E+,4,Ground,18,E+,5,-3.39326222756348,6.64582841421819E-5,102.459870730069,105.853132957632,0.5990362658759,5.6463035083072E-7,0,"pR8,10(18)",Excited v=1 19  7 13 - Ground v=0 18  8 10
AsymmetricTop,Excited,19,E+,5,Ground,18,E+,5,10.0790630948926,0.000318147654034187,115.932196052525,105.853132957632,2.86769339789277,7.08356761374027E-5,0,"rR8,10(18)",Excited v=1 19  9 11 - Ground v=0 18  8 10
AsymmetricTop,Excited,19,E+,5,Ground,18,E+,6,-6.10524304740528,3.44740743814575E-5,115.932196052525,122.03743909993,0.420466929453413,2.30833880277613E-6,0,"pR10,8(18)",Excited v=1 19  9 11 - Ground v=0 18 10  8
AsymmetricTop,Excited,19,E+,6,Ground,18,E+,6,11.0288617686555,0.000287924627657736,133.066300868586,122.03743909993,3.5117051371909,0.000113649874080603,0,"rR10,8(18)",Excited v=1 19 11  9 - Ground v=0 18 10  8
AsymmetricTop,Excited,19,E+,6,Ground,18,E+,7,-8.91437748762081,1.49235473852297E-5,133.066300868586,141.980678356207,0.264210567230033,4.51525290995408E-6,0,"pR12,6(18)",Excited v=1 19 11  9 - Ground v=0 18 12  6
AsymmetricTop,Excited,19,E+,7,Ground,18,E+,7,11.7713312838202,0.000234032183605663,153.752009640027,141.980678356207,4.14336982919586,0.000163038166189309,0,"rR12,6(18)",Excited v=1 19 13  7 - Ground v=0 18 12  6
AsymmetricTop,Excited,19,E+,7,Ground,18,E+,8,-11.8704572876011,5.16009094227519E-6,153.752009640027,165.622466927628,0.142098008257325,5.73388759755202E-6,0,"pR14,4(18)",Excited v=1 19 13  7 - Ground v=0 18 14  4
AsymmetricTop,Excited,19,E+,8,Ground,18,E+,8,12.3233940122431,0.00017387005131587,177.945860939871,165.622466927628,4.78801406098675,0.000216174894381127,0,"rR14,4(18)",Excited v=1 19 15  5 - Ground v=0 18 14  4
AsymmetricTop,Excited,19,E+,8,Ground,18,E+,9,-14.9932137945521,1.24075340532906E-6,177.945860939871,192.939074734423,0.0569232511522148,4.62841970296893E-6,0,"pR16,2(18)",Excited v=1 19 15  5 - Ground v=0 18 16  2
AsymmetricTop,Excited,19,E+,9,Ground,18,E+,9,12.6899677053678,0.000118927030222086,205.629042439791,192.939074734423,5.4561310741061,0.000268983215554532,0,"rR16,2(18)",Excited v=1 19 17  3 - Ground v=0 18 16  2
AsymmetricTop,Excited,19,E+,10,Ground,18,E+,10,12.8728391159088,7.51747986342306E-5,236.792249312726,223.919410196817,6.15291815569083,0.000316637974159246,0,"rR18,0(18)",Excited v=1 19 19  1 - Ground v=0 18 18  0
AsymmetricTop,Excited,18,E+,1,Ground,18,E-,1,2.62272575030373,0.000199922342658725,69.6871661553205,67.0644404050168,0.872963444468845,4.00475928618578E-7,0,"pQ2,17(18)",Excited v=1 18  1 18 - Ground v=0 18  2 17
AsymmetricTop,Excited,18,E+,1,Ground,18,E-,2,-9.31557169689026,0.000317793098697389,69.6871661553205,79.0027378522108,1.734435569175,3.56540137732291E-5,0,"nQ4,15(18)",Excited v=1 18  1 18 - Ground v=0 18  4 15
AsymmetricTop,Excited,18,E+,2,Ground,18,E-,2,0.805952398708556,0.000472282189698132,79.8086902509193,79.0027378522108,2.57759854401465,3.43135121801416E-8,0,"pQ4,15(18)",Excited v=1 18  3 16 - Ground v=0 18  4 15
AsymmetricTop,Excited,18,E+,3,Ground,18,E-,2,9.85965253047911,4.2396619416442E-6,88.8623903826899,79.0027378522108,0.0231390187609686,5.6396413569012E-7,0,"rQ4,15(18)",Excited v=1 18  5 14 - Ground v=0 18  4 15
AsymmetricTop,Excited,18,E+,1,Ground,18,E-,3,-18.9640853420048,1.52735226368209E-6,69.6871661553205,88.6512514973253,0.00998275398169844,1.73128190540055E-6,0,"lQ6,13(18)",Excited v=1 18  1 18 - Ground v=0 18  6 13
AsymmetricTop,Excited,18,E+,2,Ground,18,E-,3,-8.84256124640602,0.000498237014233832,79.8086902509193,88.6512514973253,3.25647046587781,5.7253638547647E-5,0,"nQ6,13(18)",Excited v=1 18  3 16 - Ground v=0 18  6 13
AsymmetricTop,Excited,18,E+,3,Ground,18,E-,3,0.211138885364534,0.000529791249520079,88.8623903826899,88.6512514973253,3.46270852597263,8.28785851181101E-10,0,"pQ6,13(18)",Excited v=1 18  5 14 - Ground v=0 18  6 13
AsymmetricTop,Excited,18,E+,4,Ground,18,E-,3,11.9082155026808,2.210875541196E-6,100.559467000006,88.6512514973253,0.0144502529879433,6.20493484339498E-7,0,"rQ6,13(18)",Excited v=1 18  7 12 - Ground v=0 18  6 13
AsymmetricTop,Excited,18,E+,2,Ground,18,E-,4,-19.4013915213646,3.06307253290039E-6,79.8086902509193,99.2100817722839,0.0243867024179063,4.52869879686625E-6,0,"lQ8,11(18)",Excited v=1 18  3 16 - Ground v=0 18  8 11
AsymmetricTop,Excited,18,E+,3,Ground,18,E-,4,-10.347691389594,0.000413311681687327,88.8623903826899,99.2100817722839,3.29058776078322,9.27097905481521E-5,0,"nQ8,11(18)",Excited v=1 18  5 14 - Ground v=0 18  8 11
AsymmetricTop,Excited,18,E+,4,Ground,18,E-,4,1.34938522772225,0.000382556052105708,100.559467000006,99.2100817722839,3.04572630933985,1.90291963617378E-7,0,"pQ8,11(18)",Excited v=1 18  7 12 - Ground v=0 18  8 11
AsymmetricTop,Excited,18,E+,4,Ground,18,E-,5,-12.9090293893311,0.000270448570177328,100.559467000006,113.468496389337,2.81052313107332,0.000153740982109251,0,"nQ10,9(18)",Excited v=1 18  7 12 - Ground v=0 18 10  9
AsymmetricTop,Excited,18,E+,5,Ground,18,E-,5,2.46706952817598,0.000248308307729929,115.935565917513,113.468496389337,2.58043975627253,9.85279870900125E-7,0,"pQ10,9(18)",Excited v=1 18  9 10 - Ground v=0 18 10  9
AsymmetricTop,Excited,18,E+,5,Ground,18,E-,6,-15.6087838121037,0.000161112939410847,115.935565917513,131.544349729617,2.34702648877898,0.00022695873705729,0,"nQ12,7(18)",Excited v=1 18  9 10 - Ground v=0 18 12  7
AsymmetricTop,Excited,18,E+,6,Ground,18,E-,6,3.33729492684822,0.000144500128362172,134.881644656465,131.544349729617,2.1050179466538,1.98957944802489E-6,0,"pQ12,7(18)",Excited v=1 18 11  8 - Ground v=0 18 12  7
AsymmetricTop,Excited,18,E+,6,Ground,18,E-,7,-18.4595320075895,8.45628479994116E-5,134.881644656465,153.341176664055,1.85117669457883,0.00029609539416957,0,"nQ14,5(18)",Excited v=1 18 11  8 - Ground v=0 18 14  5
AsymmetricTop,Excited,18,E+,7,Ground,18,E-,7,4.00016731340423,7.23319541739439E-5,157.341343977459,153.341176664055,1.58342855057437,2.5772387951682E-6,0,"pQ14,5(18)",Excited v=1 18 13  6 - Ground v=0 18 14  5
AsymmetricTop,Excited,18,E+,7,Ground,18,E-,8,-21.4809435430653,3.6900075188857E-5,157.341343977459,178.822287520524,1.3003914291374,0.000327759944889995,0,"nQ16,3(18)",Excited v=1 18 13  6 - Ground v=0 18 16  3
AsymmetricTop,Excited,18,E+,8,Ground,18,E-,8,4.46983408383755,2.84077670864358E-5,183.292121604362,178.822287520524,1.0011149476272,2.27342102853352E-6,0,"pQ16,3(18)",Excited v=1 18 15  4 - Ground v=0 18 16  3
AsymmetricTop,Excited,18,E+,8,Ground,18,E-,9,-24.6795963751102,1.12732877515752E-5,183.292121604362,207.971717979472,0.684927077486557,0.000261806371886325,0,"nQ18,1(18)",Excited v=1 18 15  4 - Ground v=0 18 18  1
AsymmetricTop,Excited,18,E+,9,Ground,18,E-,9,4.75172255579361,5.7827710637833E-6,212.723440535265,207.971717979472,0.351341735594169,9.58527740101717E-7,0,"pQ18,1(18)",Excited v=1 18 17  2 - Ground v=0 18 18  1
AsymmetricTop,Excited,19,E-,1,Ground,18,E-,1,3.55460128084849,0.00134593591811442,70.6190416858653,67.0644404050168,5.87704625449087,6.36781772411211E-6,0,"pR2,17(18)",Excited v=1 19  1 18 - Ground v=0 18  2 17
AsymmetricTop,Excited,19,E-,2,Ground,18,E-,1,15.588296178438,6.96186810204461E-6,82.6527365834548,67.0644404050168,0.0303990853522215,2.7778916268277E-6,0,"rR2,17(18)",Excited v=1 19  3 16 - Ground v=0 18  2 17
AsymmetricTop,Excited,19,E-,1,Ground,18,E-,2,-8.3836961663455,1.35129976885279E-6,70.6190416858653,79.0027378522108,0.00737505752429196,1.04840923922354E-7,0,"nR4,15(18)",Excited v=1 19  1 18 - Ground v=0 18  4 15
AsymmetricTop,Excited,19,E-,2,Ground,18,E-,2,3.64999873124403,0.000729904673264261,82.6527365834548,79.0027378522108,3.98363788454098,4.67322649062169E-6,0,"pR4,15(18)",Excited v=1 19  3 16 - Ground v=0 18  4 15
AsymmetricTop,Excited,19,E-,3,Ground,18,E-,2,12.122243552079,3.9819204068752E-5,91.1249814042898,79.0027378522108,0.217323296686331,9.3392959084607E-6,0,"rR4,15(18)",Excited v=1 19  5 14 - Ground v=0 18  4 15
AsymmetricTop,Excited,19,E-,4,Ground,18,E-,2,18.4171582204232,2.89487243660077E-6,97.4198960726339,79.0027378522108,0.0157994926348158,2.38105722773579E-6,0,"tR4,15(18)",Excited v=1 19  7 12 - Ground v=0 18  4 15
AsymmetricTop,Excited,19,E-,2,Ground,18,E-,3,-5.99851491387055,8.77996559786269E-6,82.6527365834548,88.6512514973253,0.0573857377995695,2.98809247661025E-7,0,"nR6,13(18)",Excited v=1 19  3 16 - Ground v=0 18  6 13
AsymmetricTop,Excited,19,E-,3,Ground,18,E-,3,2.47372990696442,0.000232932019000052,91.1249814042898,88.6512514973253,1.52244056294654,5.55975969645017E-7,0,"pR6,13(18)",Excited v=1 19  5 14 - Ground v=0 18  6 13
AsymmetricTop,Excited,19,E-,4,Ground,18,E-,3,8.7686445753086,0.000222769976419663,97.4198960726339,88.6512514973253,1.45602158846124,2.36823093933608E-5,0,"rR6,13(18)",Excited v=1 19  7 12 - Ground v=0 18  6 13
AsymmetricTop,Excited,19,E-,5,Ground,18,E-,3,20.0790036614048,2.55893664297516E-6,108.73025515873,88.6512514973253,0.0167251756971838,3.26629947407069E-6,0,"tR6,13(18)",Excited v=1 19  9 10 - Ground v=0 18  6 13
AsymmetricTop,Excited,19,E-,3,Ground,18,E-,4,-8.08510036799412,2.98499162411505E-6,91.1249814042898,99.2100817722839,0.0237650599766597,3.03007931671383E-7,0,"nR8,11(18)",Excited v=1 19  5 14 - Ground v=0 18  8 11
AsymmetricTop,Excited,19,E-,4,Ground,18,E-,4,-1.79018569964994,8.64392147091084E-5,97.4198960726339,99.2100817722839,0.688187231515712,9.52488403342149E-8,0,"pR8,11(18)",Excited v=1 19  7 12 - Ground v=0 18  8 11
AsymmetricTop,Excited,19,E-,5,Ground,18,E-,4,9.52017338644625,0.00031642260818624,108.73025515873,99.2100817722839,2.5192038063914,5.24392792015516E-5,0,"rR8,11(18)",Excited v=1 19  9 10 - Ground v=0 18  8 11
AsymmetricTop,Excited,19,E-,5,Ground,18,E-,5,-4.73824123060709,4.89566575939273E-5,108.73025515873,113.468496389337,0.508761493904558,1.30564338247421E-6,0,"pR10,9(18)",Excited v=1 19  9 10 - Ground v=0 18 10  9
AsymmetricTop,Excited,19,E-,6,Ground,18,E-,5,10.5822136124624,0.00030735337377534,124.0507100018,113.468496389337,3.19404079615812,9.13122125779784E-5,0,"rR10,9(18)",Excited v=1 19 11  8 - Ground v=0 18 10  9
AsymmetricTop,Excited,19,E-,6,Ground,18,E-,6,-7.4936397278173,2.32307734665363E-5,124.0507100018,131.544349729617,0.338416274199723,3.43548854073765E-6,0,"pR12,7(18)",Excited v=1 19 11  8 - Ground v=0 18 12  7
AsymmetricTop,Excited,19,E-,7,Ground,18,E-,6,11.4244584614444,0.000262702712206234,142.968808191061,131.544349729617,3.8269441701999,0.000137663190579386,0,"rR12,7(18)",Excited v=1 19 13  6 - Ground v=0 18 12  7
AsymmetricTop,Excited,19,E-,7,Ground,18,E-,7,-10.3723684729933,9.07375637534326E-6,142.968808191061,153.341176664055,0.198634822876807,5.34746600479665E-6,0,"pR14,5(18)",Excited v=1 19 13  6 - Ground v=0 18 14  5
AsymmetricTop,Excited,19,E-,8,Ground,18,E-,7,12.0707390335419,0.000203883072713848,165.411915697596,153.341176664055,4.46323180399058,0.000189369425074185,0,"rR14,5(18)",Excited v=1 19 15  4 - Ground v=0 18 14  5
AsymmetricTop,Excited,19,E-,8,Ground,18,E-,8,-13.4103718229276,2.69064755957724E-6,165.411915697596,178.822287520524,0.09482081018524,5.51677098610869E-6,0,"pR16,3(18)",Excited v=1 19 15  4 - Ground v=0 18 16  3
AsymmetricTop,Excited,19,E-,9,Ground,18,E-,8,12.529717583082,0.000145249973506574,191.352005103606,178.822287520524,5.11873809643133,0.000242910110352791,0,"rR16,3(18)",Excited v=1 19 17  2 - Ground v=0 18 16  3
AsymmetricTop,Excited,19,E-,10,Ground,18,E-,9,12.8043067214911,9.54747509994404E-5,220.776024700963,207.971717979472,5.80072500736673,0.000293771269371395,0,"rR18,1(18)",Excited v=1 19 19  0 - Ground v=0 18 18  1
AsymmetricTop,Excited,18,O-,1,Ground,18,O+,1,-9.64200886997451,0.000177761193287034,63.7111855338458,73.3531944038203,0.872980943383678,1.98988996514689E-5,0,"pQ1,17(18)",Excited v=1 18  0 18 - Ground v=0 18  1 17
AsymmetricTop,Excited,18,O-,2,Ground,18,O+,1,1.66492204733522,0.000353404492899384,75.0181164511555,73.3531944038203,1.73556096188649,2.03677616728481E-7,0,"rQ1,17(18)",Excited v=1 18  2 16 - Ground v=0 18  1 17
AsymmetricTop,Excited,18,O-,3,Ground,18,O+,1,9.23800939469972,2.8012663206793E-6,82.59120379852,73.3531944038203,0.0137569515037336,2.75790386509672E-7,0,"tQ1,17(18)",Excited v=1 18  4 14 - Ground v=0 18  1 17
AsymmetricTop,Excited,18,O-,2,Ground,18,O+,2,-8.61527740712872,0.00043989322636598,75.0181164511555,83.6333938582842,2.61781312837778,4.25665211606884E-5,0,"pQ3,15(18)",Excited v=1 18  2 16 - Ground v=0 18  3 15
AsymmetricTop,Excited,18,O-,3,Ground,18,O+,2,-1.04219005976422,0.000651178391680229,82.59120379852,83.6333938582842,3.87517524818214,1.11545960085342E-7,0,"rQ3,15(18)",Excited v=1 18  4 14 - Ground v=0 18  3 15
AsymmetricTop,Excited,18,O-,4,Ground,18,O+,2,5.41022587050089,2.85776882863727E-5,89.0436197287851,83.6333938582842,0.170066377681645,6.84835666284441E-7,0,"tQ3,15(18)",Excited v=1 18  6 12 - Ground v=0 18  3 15
AsymmetricTop,Excited,18,O-,2,Ground,18,O+,3,-14.7268329679449,1.25345548928691E-5,75.0181164511555,89.7449494191004,0.0836171581209775,6.79117942595061E-6,0,"nQ5,13(18)",Excited v=1 18  2 16 - Ground v=0 18  5 13
AsymmetricTop,Excited,18,O-,3,Ground,18,O+,3,-7.15374562058044,0.000723694253138732,82.59120379852,89.7449494191004,4.82771485011964,4.49431810346274E-5,0,"pQ5,13(18)",Excited v=1 18  4 14 - Ground v=0 18  5 13
AsymmetricTop,Excited,18,O-,4,Ground,18,O+,3,-0.701329690315319,0.000575431762798724,89.0436197287851,89.7449494191004,3.83866592065002,3.36719842890455E-8,0,"rQ5,13(18)",Excited v=1 18  6 12 - Ground v=0 18  5 13
AsymmetricTop,Excited,18,O-,5,Ground,18,O+,3,10.8155268723656,2.51924482942091E-6,100.560476291466,89.7449494191004,0.0168057098993585,5.40656742038126E-7,0,"tQ5,13(18)",Excited v=1 18  8 10 - Ground v=0 18  5 13
AsymmetricTop,Excited,18,O-,3,Ground,18,O+,4,-16.6365534450611,7.68851109461496E-6,82.59120379852,99.2277572435811,0.0612324278211747,7.16957275612242E-6,0,"nQ7,11(18)",Excited v=1 18  4 14 - Ground v=0 18  7 11
AsymmetricTop,Excited,18,O-,4,Ground,18,O+,4,-10.184137514796,0.000416222751614526,89.0436197287851,99.2277572435811,3.31485892159509,8.90347478250652E-5,0,"pQ7,11(18)",Excited v=1 18  6 12 - Ground v=0 18  7 11
AsymmetricTop,Excited,18,O-,5,Ground,18,O+,4,1.33271904788488,0.000382583440280118,100.560476291466,99.2277572435811,3.04695052192056,1.83401521892475E-7,0,"rQ7,11(18)",Excited v=1 18  8 10 - Ground v=0 18  7 11
AsymmetricTop,Excited,18,O-,5,Ground,18,O+,5,-12.9080649001965,0.000270453080680943,100.560476291466,113.468541191662,2.81057235745739,0.000153709216906515,0,"pQ9,9(18)",Excited v=1 18  8 10 - Ground v=0 18  9  9
AsymmetricTop,Excited,18,O-,6,Ground,18,O+,5,2.4670260305144,0.000248308242542131,115.935567222177,113.468541191662,2.58044123905192,9.85228322636006E-7,0,"rQ9,9(18)",Excited v=1 18 10  8 - Ground v=0 18  9  9
AsymmetricTop,Excited,18,O-,6,Ground,18,O+,6,-15.6087825385864,0.000161112941608637,115.935567222177,131.544349760763,2.3470265221614,0.000226958684732848,0,"pQ11,7(18)",Excited v=1 18 10  8 - Ground v=0 18 11  7
AsymmetricTop,Excited,18,O-,7,Ground,18,O+,6,3.33729489620157,0.000144500128316655,134.881644656965,131.544349760763,2.10501794721582,1.98957939374469E-6,0,"rQ11,7(18)",Excited v=1 18 12  6 - Ground v=0 18 11  7
AsymmetricTop,Excited,18,O-,7,Ground,18,O+,7,-18.4595320070963,8.45628479997224E-5,134.881644656965,153.341176664061,1.85117669458586,0.000296095394146963,0,"pQ13,5(18)",Excited v=1 18 12  6 - Ground v=0 18 13  5
AsymmetricTop,Excited,18,O-,8,Ground,18,O+,7,4.00016731339775,7.23319541739381E-5,157.341343977459,153.341176664061,1.58342855057443,2.57723879515578E-6,0,"rQ13,5(18)",Excited v=1 18 14  4 - Ground v=0 18 13  5
AsymmetricTop,Excited,18,O-,8,Ground,18,O+,8,-21.4809435430652,3.69000751888571E-5,157.341343977459,178.822287520524,1.3003914291374,0.000327759944889992,0,"pQ15,3(18)",Excited v=1 18 14  4 - Ground v=0 18 15  3
AsymmetricTop,Excited,18,O-,9,Ground,18,O+,8,4.46983408383761,2.84077670864357E-5,183.292121604362,178.822287520524,1.0011149476272,2.2734210285336E-6,0,"rQ15,3(18)",Excited v=1 18 16  2 - Ground v=0 18 15  3
AsymmetricTop,Excited,18,O-,9,Ground,18,O+,9,-24.67959637511,1.12732877515752E-5,183.292121604362,207.971717979472,0.684927077486555,0.000261806371886317,0,"pQ17,1(18)",Excited v=1 18 16  2 - Ground v=0 18 17  1
AsymmetricTop,Excited,18,O-,10,Ground,18,O+,9,4.75172255579372,5.78277106378333E-6,212.723440535265,207.971717979472,0.351341735594169,9.58527740101788E-7,0,"rQ17,1(18)",Excited v=1 18 18  0 - Ground v=0 18 17  1
AsymmetricTop,Excited,19,O+,1,Ground,18,O+,1,3.59715151833366,0.00101050275989581,76.9503459221539,73.3531944038203,4.9625547416372,5.57237506675582E-6,0,"rR1,17(18)",Excited v=1 19  2 18 - Ground v=0 18  1 17
AsymmetricTop,Excited,19,O+,2,Ground,18,O+,1,14.4062429331328,1.90679709001094E-5,87.759437336953,73.3531944038203,0.0936423463242144,6.75434631705728E-6,0,"tR1,17(18)",Excited v=1 19  4 16 - Ground v=0 18  1 17
AsymmetricTop,Excited,19,O+,1,Ground,18,O+,2,-6.68304793613028,4.50837973343117E-6,76.9503459221539,83.6333938582842,0.0268294553007492,1.93194349363559E-7,0,"pR3,15(18)",Excited v=1 19  2 18 - Ground v=0 18  3 15
AsymmetricTop,Excited,19,O+,2,Ground,18,O+,2,4.12604347866882,0.000485103100680374,87.759437336953,83.6333938582842,2.88685796794088,4.8919910419997E-6,0,"rR3,15(18)",Excited v=1 19  4 16 - Ground v=0 18  3 15
AsymmetricTop,Excited,19,O+,3,Ground,18,O+,2,13.4682387304025,2.94888510374083E-5,97.1016325886867,83.6333938582842,0.175488724898616,1.03428558391494E-5,0,"tR3,15(18)",Excited v=1 19  6 14 - Ground v=0 18  3 15
AsymmetricTop,Excited,19,O+,2,Ground,18,O+,3,-1.98551208214739,4.35669861711366E-5,87.759437336953,89.7449494191004,0.290632384050496,5.48808011285286E-8,0,"pR5,13(18)",Excited v=1 19  4 16 - Ground v=0 18  5 13
AsymmetricTop,Excited,19,O+,3,Ground,18,O+,3,7.35668316958628,0.000263409955436411,97.1016325886867,89.7449494191004,1.75718979115057,1.68781042483132E-5,0,"rR5,13(18)",Excited v=1 19  6 14 - Ground v=0 18  5 13
AsymmetricTop,Excited,19,O+,4,Ground,18,O+,3,18.9828949910933,2.91963338430328E-6,108.727844410194,89.7449494191004,0.0194766745558279,3.21411179829496E-6,0,"tR5,13(18)",Excited v=1 19  8 12 - Ground v=0 18  5 13
AsymmetricTop,Excited,19,O+,3,Ground,18,O+,4,-2.12612465489441,8.44809878037064E-5,97.1016325886867,99.2277572435811,0.672818953408957,1.55999506183271E-7,0,"pR7,11(18)",Excited v=1 19  6 14 - Ground v=0 18  7 11
AsymmetricTop,Excited,19,O+,4,Ground,18,O+,4,9.50008716661266,0.00031650039510576,108.727844410194,99.2277572435811,2.52065547674901,5.21380874539502E-5,0,"rR7,11(18)",Excited v=1 19  8 12 - Ground v=0 18  7 11
AsymmetricTop,Excited,19,O+,4,Ground,18,O+,5,-4.74069678146873,4.89539429881939E-5,108.727844410194,113.468541191662,0.508733709391456,1.30760293363748E-6,0,"pR9,9(18)",Excited v=1 19  8 12 - Ground v=0 18  9  9
AsymmetricTop,Excited,19,O+,5,Ground,18,O+,5,10.5821646593213,0.000307353340659705,124.050705850984,113.468541191662,3.19404312591075,9.13110119603447E-5,0,"rR9,9(18)",Excited v=1 19 10 10 - Ground v=0 18  9  9
AsymmetricTop,Excited,19,O+,5,Ground,18,O+,6,-7.49364390977948,2.32307722198094E-5,124.050705850984,131.544349760763,0.338416256234875,3.43549411007837E-6,0,"pR11,7(18)",Excited v=1 19 10 10 - Ground v=0 18 11  7
AsymmetricTop,Excited,19,O+,6,Ground,18,O+,6,11.4244584281006,0.000262702712136521,142.968808188864,131.544349760763,3.82694417141157,0.000137663189417608,0,"rR11,7(18)",Excited v=1 19 12  8 - Ground v=0 18 11  7
AsymmetricTop,Excited,19,O+,6,Ground,18,O+,7,-10.3723684751972,9.07375637517379E-6,142.968808188864,153.341176664061,0.198634822873122,5.34746600810618E-6,0,"pR13,5(18)",Excited v=1 19 12  8 - Ground v=0 18 13  5
AsymmetricTop,Excited,19,O+,7,Ground,18,O+,7,12.0707390335349,0.000203883072713833,165.411915697596,153.341176664061,4.46323180399079,0.000189369425073865,0,"rR13,5(18)",Excited v=1 19 14  6 - Ground v=0 18 13  5
AsymmetricTop,Excited,19,O+,7,Ground,18,O+,8,-13.4103718229281,2.69064755957729E-6,165.411915697596,178.822287520524,0.0948208101852416,5.51677098610931E-6,0,"pR15,3(18)",Excited v=1 19 14  6 - Ground v=0 18 15  3
AsymmetricTop,Excited,19,O+,8,Ground,18,O+,8,12.5297175830819,0.000145249973506574,191.352005103606,178.822287520524,5.11873809643133,0.000242910110352788,0,"rR15,3(18)",Excited v=1 19 16  4 - Ground v=0 18 15  3
AsymmetricTop,Excited,19,O+,9,Ground,18,O+,9,12.8043067214913,9.54747509994407E-5,220.776024700963,207.971717979472,5.80072500736673,0.000293771269371404,0,"rR17,1(18)",Excited v=1 19 18  2 - Ground v=0 18 17  1
AsymmetricTop,Excited,18,O+,1,Ground,18,O-,1,-9.64369539571426,0.000177751916330645,63.7112172390837,73.3549126347979,0.872963411272001,1.99089434473023E-5,0,"rQ1,18(18)",Excited v=1 18  2 17 - Ground v=0 18  1 18
AsymmetricTop,Excited,18,O+,2,Ground,18,O-,1,1.69768776352524,0.000353164023620659,75.0526003983232,73.3549126347979,1.73443570771385,2.15800963627897E-7,0,"tQ1,18(18)",Excited v=1 18  4 15 - Ground v=0 18  1 18
AsymmetricTop,Excited,18,O+,3,Ground,18,O-,1,10.8637761507061,2.03267489055532E-6,84.2186887855041,73.3549126347979,0.00998273798165623,3.25472137251812E-7,0,"vQ1,18(18)",Excited v=1 18  6 13 - Ground v=0 18  1 18
AsymmetricTop,Excited,18,O+,2,Ground,18,O-,2,-8.95654755742406,0.000430105130486522,75.0526003983232,84.0091479557472,2.5775982301035,4.70932705052498E-5,0,"rQ3,16(18)",Excited v=1 18  4 15 - Ground v=0 18  3 16
AsymmetricTop,Excited,18,O+,3,Ground,18,O-,2,0.209540829756847,0.000543383699628171,84.2186887855041,84.0091479557472,3.25647094896153,7.61859530345497E-10,0,"tQ3,16(18)",Excited v=1 18  6 13 - Ground v=0 18  3 16
AsymmetricTop,Excited,18,O+,4,Ground,18,O-,2,10.240429682667,4.06922578669238E-6,94.2495776384142,84.0091479557472,0.0243866637298773,6.65930103307855E-7,0,"vQ3,16(18)",Excited v=1 18  8 11 - Ground v=0 18  3 16
AsymmetricTop,Excited,18,O+,2,Ground,18,O-,3,-18.486757970678,3.23122778828045E-6,75.0526003983232,93.5393583690012,0.0231390537528438,3.71748803862704E-6,0,"pQ5,14(18)",Excited v=1 18  4 15 - Ground v=0 18  5 14
AsymmetricTop,Excited,18,O+,3,Ground,18,O-,3,-9.32066958349711,0.000483546060672788,84.2186887855041,93.5393583690012,3.46270799306224,7.12982590774523E-5,0,"rQ5,14(18)",Excited v=1 18  6 13 - Ground v=0 18  5 14
AsymmetricTop,Excited,18,O+,4,Ground,18,O-,3,0.710219269413002,0.000459510583604159,94.2495776384142,93.5393583690012,3.2905882193083,2.99759261926425E-8,0,"tQ5,14(18)",Excited v=1 18  8 11 - Ground v=0 18  5 14
AsymmetricTop,Excited,18,O+,3,Ground,18,O-,4,-21.6333817606693,1.60317475652842E-6,84.2186887855041,105.852070546173,0.0144502791126629,3.72024204767503E-6,0,"pQ7,12(18)",Excited v=1 18  6 13 - Ground v=0 18  7 12
AsymmetricTop,Excited,18,O+,4,Ground,18,O-,4,-11.6024929077592,0.000337905651072529,94.2495776384142,105.852070546173,3.04572595835879,0.00012096687963944,0,"rQ7,12(18)",Excited v=1 18  8 11 - Ground v=0 18  7 12
AsymmetricTop,Excited,18,O+,5,Ground,18,O-,4,1.94300104626885,0.000311811289185691,107.795071592442,105.852070546173,2.81052339482281,5.24237430817633E-7,0,"tQ7,12(18)",Excited v=1 18 10  9 - Ground v=0 18  7 12
AsymmetricTop,Excited,18,O+,5,Ground,18,O-,5,-14.2423661341588,0.000211570188510416,107.795071592442,122.037437726601,2.580439557557,0.000189566611808812,0,"rQ9,10(18)",Excited v=1 18 10  9 - Ground v=0 18  9 10
AsymmetricTop,Excited,18,O+,6,Ground,18,O-,5,2.92969465954339,0.000192432667798126,124.967132386144,122.037437726601,2.34702663758351,1.50074468980132E-6,0,"tQ9,10(18)",Excited v=1 18 12  7 - Ground v=0 18  9 10
AsymmetricTop,Excited,18,O+,6,Ground,18,O-,6,-17.0135459695363,0.000118898853177562,124.967132386144,141.980678355681,2.10501783723534,0.000263610081454702,0,"rQ11,8(18)",Excited v=1 18 12  7 - Ground v=0 18 11  8
AsymmetricTop,Excited,18,O+,7,Ground,18,O-,6,3.69343977830795,0.000104561011973473,145.674118133989,141.980678355681,1.85117677253656,2.37171596777009E-6,0,"tQ11,8(18)",Excited v=1 18 14  5 - Ground v=0 18 11  8
AsymmetricTop,Excited,18,O+,7,Ground,18,O-,7,-19.9483487936393,5.74999970011403E-5,145.674118133989,165.622466927628,1.58342849768876,0.000319625216263638,0,"rQ13,6(18)",Excited v=1 18 14  5 - Ground v=0 18 13  6
AsymmetricTop,Excited,18,O+,8,Ground,18,O-,7,4.25870671433299,4.72219019026878E-5,169.881173641961,165.622466927628,1.30039146239079,2.55404782482876E-6,0,"tQ13,6(18)",Excited v=1 18 16  3 - Ground v=0 18 13  6
AsymmetricTop,Excited,18,O+,8,Ground,18,O-,8,-23.0579010924623,2.18212546252249E-5,169.881173641961,192.939074734423,1.0011149291657,0.000312079306433274,0,"rQ15,4(18)",Excited v=1 18 16  3 - Ground v=0 18 15  4
AsymmetricTop,Excited,18,O+,9,Ground,18,O-,8,4.63405806971585,1.49293231970882E-5,197.573132804139,192.939074734423,0.68492708561622,1.73320715932075E-6,0,"tQ15,4(18)",Excited v=1 18 18  1 - Ground v=0 18 15  4
AsymmetricTop,Excited,18,O+,9,Ground,18,O-,9,-26.3462773926784,4.29260448534935E-6,197.573132804139,223.919410196817,0.35134173357239,0.000163383892483399,0,"rQ17,2(18)",Excited v=1 18 18  1 - Ground v=0 18 17  2
AsymmetricTop,Excited,19,O-,1,Ground,18,O-,1,3.59457728798135,0.00101044045096487,76.9494899227793,73.3549126347979,4.96240806383607,5.56025599705816E-6,0,"pR1,18(18)",Excited v=1 19  0 19 - Ground v=0 18  1 18
AsymmetricTop,Excited,19,O-,2,Ground,18,O-,1,14.1735901688866,1.93013500141041E-5,87.5285028036846,73.3549126347979,0.0947915088528489,6.51130268611035E-6,0,"rR1,18(18)",Excited v=1 19  2 17 - Ground v=0 18  1 18
AsymmetricTop,Excited,19,O-,1,Ground,18,O-,2,-7.05965803296794,4.36857727928707E-6,76.9494899227793,84.0091479557472,0.0261806620405185,2.22223740572273E-7,0,"nR3,16(18)",Excited v=1 19  0 19 - Ground v=0 18  3 16
AsymmetricTop,Excited,19,O-,2,Ground,18,O-,2,3.51935484793734,0.000471779909362175,87.5285028036846,84.0091479557472,2.82735306596963,2.97322690164021E-6,0,"pR3,16(18)",Excited v=1 19  2 17 - Ground v=0 18  3 16
AsymmetricTop,Excited,19,O-,3,Ground,18,O-,2,9.86138712645541,0.000100910131871581,93.8705350822026,84.0091479557472,0.604749301682301,1.39909832125825E-5,0,"rR3,16(18)",Excited v=1 19  4 15 - Ground v=0 18  3 16
AsymmetricTop,Excited,19,O-,4,Ground,18,O-,2,18.4854978339691,3.98897083520573E-6,102.494645789716,84.0091479557472,0.0239056998765166,3.6429545386175E-6,0,"tR3,16(18)",Excited v=1 19  6 13 - Ground v=0 18  3 16
AsymmetricTop,Excited,19,O-,2,Ground,18,O-,3,-6.01085556531662,9.17085904613206E-6,87.5285028036846,93.5393583690012,0.065673178844854,3.44077085780943E-7,0,"nR5,14(18)",Excited v=1 19  2 17 - Ground v=0 18  5 14
AsymmetricTop,Excited,19,O-,3,Ground,18,O-,3,0.331176713201458,0.000118955819107673,93.8705350822026,93.5393583690012,0.851851145415788,7.46452062043641E-10,0,"pR5,14(18)",Excited v=1 19  4 15 - Ground v=0 18  5 14
AsymmetricTop,Excited,19,O-,4,Ground,18,O-,3,8.95528742071514,0.000294074939794876,102.494645789716,93.5393583690012,2.10589171829917,3.64866053768988E-5,0,"rR5,14(18)",Excited v=1 19  6 13 - Ground v=0 18  5 14
AsymmetricTop,Excited,19,O-,5,Ground,18,O-,3,22.3929547216508,1.32860384891297E-6,115.932313090652,93.5393583690012,0.00951422737441629,2.57730945816053E-6,0,"tR5,14(18)",Excited v=1 19  8 11 - Ground v=0 18  5 14
AsymmetricTop,Excited,19,O-,4,Ground,18,O-,4,-3.35742475645705,6.65396557773745E-5,102.494645789716,105.852070546173,0.599757820616937,5.47587619502496E-7,0,"pR7,12(18)",Excited v=1 19  6 13 - Ground v=0 18  7 12
AsymmetricTop,Excited,19,O-,5,Ground,18,O-,4,10.0802425444786,0.000318146522397809,115.932313090652,105.852070546173,2.86762627009335,7.08588878456065E-5,0,"rR7,12(18)",Excited v=1 19  8 11 - Ground v=0 18  7 12
AsymmetricTop,Excited,19,O-,5,Ground,18,O-,5,-6.10512463594897,3.44741420008786E-5,115.932313090652,122.037437726601,0.420467743391574,2.30820896259734E-6,0,"pR9,10(18)",Excited v=1 19  8 11 - Ground v=0 18  9 10
AsymmetricTop,Excited,19,O-,6,Ground,18,O-,5,11.0288632519162,0.000287924630044225,133.066300978517,122.037437726601,3.51170507618329,0.000113649917960185,0,"rR9,10(18)",Excited v=1 19 10  9 - Ground v=0 18  9 10
AsymmetricTop,Excited,19,O-,6,Ground,18,O-,6,-8.9143773771635,1.49235474022082E-5,133.066300978517,141.980678355681,0.264210567528029,4.51525274720235E-6,0,"pR11,8(18)",Excited v=1 19 10  9 - Ground v=0 18 11  8
AsymmetricTop,Excited,19,O-,7,Ground,18,O-,6,11.7713312843794,0.000234032183606933,153.75200964006,141.980678355681,4.14336982917762,0.000163038166211826,0,"rR11,8(18)",Excited v=1 19 12  7 - Ground v=0 18 11  8
AsymmetricTop,Excited,19,O-,7,Ground,18,O-,7,-11.8704572875678,5.16009094227643E-6,153.75200964006,165.622466927628,0.142098008257359,5.73388759750503E-6,0,"pR13,6(18)",Excited v=1 19 12  7 - Ground v=0 18 13  6
AsymmetricTop,Excited,19,O-,8,Ground,18,O-,7,12.3233940122431,0.00017387005131587,177.945860939871,165.622466927628,4.78801406098675,0.000216174894381131,0,"rR13,6(18)",Excited v=1 19 14  5 - Ground v=0 18 13  6
AsymmetricTop,Excited,19,O-,8,Ground,18,O-,8,-14.9932137945521,1.24075340532908E-6,177.945860939871,192.939074734423,0.0569232511522155,4.62841970296902E-6,0,"pR15,4(18)",Excited v=1 19 14  5 - Ground v=0 18 15  4
AsymmetricTop,Excited,19,O-,9,Ground,18,O-,8,12.6899677053678,0.000118927030222086,205.629042439791,192.939074734423,5.4561310741061,0.000268983215554532,0,"rR15,4(18)",Excited v=1 19 16  3 - Ground v=0 18 15  4
AsymmetricTop,Excited,19,O-,10,Ground,18,O-,9,12.8728391159088,7.51747986342307E-5,236.792249312726,223.919410196817,6.15291815569083,0.000316637974159246,0,"rR17,2(18)",Excited v=1 19 18  1 - Ground v=0 18 17  2
AsymmetricTop,Excited,18,E-,1,Ground,19,E-,1,-11.3148313097312,0.000875953201653241,69.685533836578,81.0003651463092,4.96255472768998,0.000182797932046079,0,"pP2,18(19)",Excited v=1 18  1 17 - Ground v=0 19  2 18
AsymmetricTop,Excited,18,E-,2,Ground,19,E-,1,-1.54864119333392,4.73573043444714E-6,79.4517239529753,81.0003651463092,0.0268294258325393,2.53387693648374E-9,0,"rP2,18(19)",Excited v=1 18  3 15 - Ground v=0 19  2 18
AsymmetricTop,Excited,18,E-,1,Ground,19,E-,2,-22.6928216575277,1.33633713687022E-5,69.685533836578,92.3783554941058,0.0936424026928934,2.78265757637714E-5,0,"nP4,16(19)",Excited v=1 18  1 17 - Ground v=0 19  4 16
AsymmetricTop,Excited,18,E-,2,Ground,19,E-,2,-12.9266315411304,0.000411973152011061,79.4517239529753,92.3783554941058,2.88685801919961,0.000158563510860631,0,"pP4,16(19)",Excited v=1 18  3 15 - Ground v=0 19  4 16
AsymmetricTop,Excited,18,E-,3,Ground,19,E-,2,-7.12065341847077,4.14750799815235E-5,85.257702075635,92.3783554941058,0.290632209058108,2.66824070607684E-6,0,"rP4,16(19)",Excited v=1 18  5 13 - Ground v=0 19  4 16
AsymmetricTop,Excited,18,E-,2,Ground,19,E-,3,-22.7605209647917,2.08396910929556E-5,79.4517239529753,102.212244917767,0.175488860288955,5.26160046334029E-5,0,"nP6,14(19)",Excited v=1 18  3 15 - Ground v=0 19  6 14
AsymmetricTop,Excited,18,E-,3,Ground,19,E-,3,-16.954542842132,0.000208670188928519,85.257702075635,102.212244917767,1.75718984835264,0.000217770303441158,0,"pP6,14(19)",Excited v=1 18  5 13 - Ground v=0 19  6 14
AsymmetricTop,Excited,18,E-,4,Ground,19,E-,3,-7.94587557346215,7.98987217448846E-5,94.2663693443049,102.212244917767,0.67281878387793,8.58311845570187E-6,0,"rP6,14(19)",Excited v=1 18  7 11 - Ground v=0 19  6 14
AsymmetricTop,Excited,18,E-,3,Ground,19,E-,4,-29.1926604981425,1.84011587636759E-6,85.257702075635,114.450362573777,0.0194767040893655,1.2321347729921E-5,0,"nP8,12(19)",Excited v=1 18  5 13 - Ground v=0 19  8 12
AsymmetricTop,Excited,18,E-,4,Ground,19,E-,4,-20.1839932294726,0.000238145959460515,94.2663693443049,114.450362573777,2.52065559678043,0.000527055688462316,0,"pP8,12(19)",Excited v=1 18  7 11 - Ground v=0 19  8 12
AsymmetricTop,Excited,18,E-,5,Ground,19,E-,4,-6.65524841909873,4.8064023771221E-5,107.795114154679,114.450362573777,0.508733596812518,3.81333492227924E-6,0,"rP8,12(19)",Excited v=1 18  9  9 - Ground v=0 19  8 12
AsymmetricTop,Excited,18,E-,5,Ground,19,E-,5,-22.7845761590916,0.000223244827013067,107.795114154679,130.57969031377,3.19404321146681,0.000960694641651946,0,"pP10,10(19)",Excited v=1 18  9  9 - Ground v=0 19 10 10
AsymmetricTop,Excited,18,E-,6,Ground,19,E-,5,-5.61255789803694,2.36533000754424E-5,124.967132415733,130.57969031377,0.338416184355,1.52144180519854E-6,0,"rP10,10(19)",Excited v=1 18 11  7 - Ground v=0 19 10 10
AsymmetricTop,Excited,18,E-,6,Ground,19,E-,6,-25.5263496884564,0.00018437109270359,124.967132415733,150.49348210419,3.82694422463644,0.00161860170802147,0,"pP12,8(19)",Excited v=1 18 11  7 - Ground v=0 19 12  8
AsymmetricTop,Excited,18,E-,7,Ground,19,E-,6,-4.81936397019501,9.56964868431372E-6,145.674118133995,150.49348210419,0.198634781771953,5.65387490970433E-7,0,"rP12,8(19)",Excited v=1 18 13  5 - Ground v=0 19 12  8
AsymmetricTop,Excited,18,E-,7,Ground,19,E-,7,-28.4436874792863,0.000138286361872901,145.674118133995,174.117805613281,4.46323183282561,0.00261173349672115,0,"pP14,6(19)",Excited v=1 18 13  5 - Ground v=0 19 14  6
AsymmetricTop,Excited,18,E-,8,Ground,19,E-,7,-4.23663197132026,2.93787611473142E-6,169.881173641961,174.117805613281,0.0948207908471764,1.8335278434707E-7,0,"rP14,6(19)",Excited v=1 18 15  3 - Ground v=0 19 14  6
AsymmetricTop,Excited,18,E-,8,Ground,19,E-,8,-31.5419890210016,9.5216130668595E-5,169.881173641961,201.423162662962,5.11873810856112,0.00408462186091175,0,"pP16,4(19)",Excited v=1 18 15  3 - Ground v=0 19 16  4
AsymmetricTop,Excited,18,E-,9,Ground,19,E-,9,-34.8226818133942,6.04905598539581E-5,197.573132804139,232.395814617533,5.80072501020528,0.00622860284673383,0,"pP18,2(19)",Excited v=1 18 17  1 - Ground v=0 19 18  2
AsymmetricTop,Excited,19,E+,1,Ground,19,E-,1,-10.3813079108952,0.000154174499003646,70.6190572354141,81.0003651463092,0.873447790904536,2.3575016407232E-5,0,"pQ2,18(19)",Excited v=1 19  1 19 - Ground v=0 19  2 18
AsymmetricTop,Excited,19,E+,2,Ground,19,E-,1,1.67203903599838,0.000306453210082108,82.6724041823076,81.0003651463092,1.73615533756649,1.95788262624739E-7,0,"rQ2,18(19)",Excited v=1 19  3 17 - Ground v=0 19  2 18
AsymmetricTop,Excited,19,E+,3,Ground,19,E-,1,11.3923848523747,1.58263335223814E-6,92.392749998684,81.0003651463092,0.00896612354350216,3.19821383198944E-7,0,"tQ2,18(19)",Excited v=1 19  5 15 - Ground v=0 19  2 18
AsymmetricTop,Excited,19,E+,2,Ground,19,E-,2,-9.70595131179812,0.000369505681992472,82.6724041823076,92.3783554941058,2.58927174257013,5.711508041049E-5,0,"pQ4,16(19)",Excited v=1 19  3 17 - Ground v=0 19  4 16
AsymmetricTop,Excited,19,E+,3,Ground,19,E-,2,0.0143945045782488,0.000476285588812574,92.392749998684,92.3783554941058,3.33752057574827,2.40144671048743E-13,0,"rQ4,16(19)",Excited v=1 19  5 15 - Ground v=0 19  4 16
AsymmetricTop,Excited,19,E+,4,Ground,19,E-,2,10.0815152359631,4.13465464015138E-6,102.459870730069,92.3783554941058,0.028973152367515,7.16196209635172E-7,0,"tQ4,16(19)",Excited v=1 19  7 13 - Ground v=0 19  4 16
AsymmetricTop,Excited,19,E+,2,Ground,19,E-,3,-19.5398407354594,2.75396201605466E-6,82.6724041823076,102.212244917767,0.0231908262613293,4.17386229397622E-6,0,"nQ6,14(19)",Excited v=1 19  3 17 - Ground v=0 19  6 14
AsymmetricTop,Excited,19,E+,3,Ground,19,E-,3,-9.81949491908303,0.000436225749916706,92.392749998684,102.212244917767,3.67341144070289,8.39065489421689E-5,0,"pQ6,14(19)",Excited v=1 19  5 15 - Ground v=0 19  6 14
AsymmetricTop,Excited,19,E+,4,Ground,19,E-,3,0.247625812301806,0.000422424073117021,102.459870730069,102.212244917767,3.55718896308316,1.303027289314E-9,0,"rQ6,14(19)",Excited v=1 19  7 13 - Ground v=0 19  6 14
AsymmetricTop,Excited,19,E+,5,Ground,19,E-,3,13.7199511347579,1.18093994860152E-6,115.932196052525,102.212244917767,0.00994457186171208,6.19587460431355E-7,0,"tQ6,14(19)",Excited v=1 19  9 11 - Ground v=0 19  6 14
AsymmetricTop,Excited,19,E+,3,Ground,19,E-,4,-22.0576125750935,1.8263550061317E-6,92.392749998684,114.450362573777,0.0193310521763318,5.00483589407841E-6,0,"nQ8,12(19)",Excited v=1 19  5 15 - Ground v=0 19  8 12
AsymmetricTop,Excited,19,E+,4,Ground,19,E-,4,-11.9904918437086,0.000312751774916307,102.459870730069,114.450362573777,3.31032075300236,0.000137670188231851,0,"pQ8,12(19)",Excited v=1 19  7 13 - Ground v=0 19  8 12
AsymmetricTop,Excited,19,E+,5,Ground,19,E-,4,1.48183347874749,0.000289975302485922,115.932196052525,114.450362573777,3.06924321031962,2.40928594297441E-7,0,"rQ8,12(19)",Excited v=1 19  9 11 - Ground v=0 19  8 12
AsymmetricTop,Excited,19,E+,5,Ground,19,E-,5,-14.6474942612454,0.00019835424821134,115.932196052525,130.57969031377,2.8379248399245,0.000215154153493339,0,"pQ10,10(19)",Excited v=1 19  9 11 - Ground v=0 19 10 10
AsymmetricTop,Excited,19,E+,6,Ground,19,E-,5,2.48661055481543,0.000182217517384067,133.066300868586,130.57969031377,2.60705088757487,9.67011551697115E-7,0,"rQ10,10(19)",Excited v=1 19 11  9 - Ground v=0 19 10 10
AsymmetricTop,Excited,19,E+,6,Ground,19,E-,6,-17.427181235604,0.00011419941456329,133.066300868586,150.49348210419,2.37040841712892,0.000302665875978921,0,"pQ12,8(19)",Excited v=1 19 11  9 - Ground v=0 19 12  8
AsymmetricTop,Excited,19,E+,7,Ground,19,E-,6,3.25852753583706,0.00010233663971634,153.752009640027,150.49348210419,2.12417579452531,1.77301935709269E-6,0,"rQ12,8(19)",Excited v=1 19 13  7 - Ground v=0 19 12  8
AsymmetricTop,Excited,19,E+,7,Ground,19,E-,7,-20.3657959732542,5.78123690051192E-5,153.752009640027,174.117805613281,1.86591072452874,0.000380236551300079,0,"pQ14,6(19)",Excited v=1 19 13  7 - Ground v=0 19 14  6
AsymmetricTop,Excited,19,E+,8,Ground,19,E-,7,3.82805532658995,4.93873592606086E-5,177.945860939871,174.117805613281,1.59399112830618,2.15714507275849E-6,0,"rQ14,6(19)",Excited v=1 19 15  5 - Ground v=0 19 14  6
AsymmetricTop,Excited,19,E+,8,Ground,19,E-,8,-23.4773017230914,2.43177663618963E-5,177.945860939871,201.423162662962,1.30730241312757,0.000408112073074993,0,"pQ16,4(19)",Excited v=1 19 15  5 - Ground v=0 19 16  4
AsymmetricTop,Excited,19,E+,9,Ground,19,E-,8,4.20587977682851,1.86955689964643E-5,205.629042439791,201.423162662962,1.00505787004218,1.80393326606404E-6,0,"rQ16,4(19)",Excited v=1 19 17  3 - Ground v=0 19 16  4
AsymmetricTop,Excited,19,E+,9,Ground,19,E-,9,-26.7667721777423,7.16085797337492E-6,205.629042439791,232.395814617533,0.686688436029838,0.000317692218076862,0,"pQ18,2(19)",Excited v=1 19 17  3 - Ground v=0 19 18  2
AsymmetricTop,Excited,19,E+,10,Ground,19,E-,9,4.39643469519305,3.66833873921171E-6,236.792249312726,232.395814617533,0.351774298697582,7.21148693352566E-7,0,"rQ18,2(19)",Excited v=1 19 19  1 - Ground v=0 19 18  2
AsymmetricTop,Excited,18,E+,1,Ground,19,E+,1,-11.3122979386094,0.000875942058565109,69.6871661553205,80.9994640939299,4.96240804803941,0.00018266977573221,0,"rP0,19(19)",Excited v=1 18  1 18 - Ground v=0 19  0 19
AsymmetricTop,Excited,18,E+,2,Ground,19,E+,1,-1.1907738430106,4.62128798900127E-6,79.8086902509193,80.9994640939299,0.026180632023189,1.12406054371519E-9,0,"tP0,19(19)",Excited v=1 18  3 16 - Ground v=0 19  0 19
AsymmetricTop,Excited,18,E+,1,Ground,19,E+,2,-22.448100282198,1.35889479184639E-5,69.6871661553205,92.1352664375185,0.0947915627749734,2.72665495273036E-5,0,"pP2,17(19)",Excited v=1 18  1 18 - Ground v=0 19  2 17
AsymmetricTop,Excited,18,E+,2,Ground,19,E+,2,-12.3265761865992,0.000405318262884753,79.8086902509193,92.1352664375185,2.82735291875533,0.000134657061544456,0,"rP2,17(19)",Excited v=1 18  3 16 - Ground v=0 19  2 17
AsymmetricTop,Excited,18,E+,3,Ground,19,E+,2,-3.27287605482864,9.41464003653997E-6,88.8623903826899,92.1352664375185,0.0656731078360284,5.85460990830732E-8,0,"tP2,17(19)",Excited v=1 18  5 14 - Ground v=0 19  2 17
AsymmetricTop,Excited,18,E+,2,Ground,19,E+,3,-19.0023991379778,7.65275024655683E-5,79.8086902509193,98.8110893888971,0.604749509371978,0.000105517028227404,0,"pP4,15(19)",Excited v=1 18  3 16 - Ground v=0 19  4 15
AsymmetricTop,Excited,18,E+,3,Ground,19,E+,3,-9.94869900620728,0.000107796746823112,88.8623903826899,98.8110893888971,0.851851003271704,2.13296747315112E-5,0,"rP4,15(19)",Excited v=1 18  5 14 - Ground v=0 19  4 15
AsymmetricTop,Excited,18,E+,2,Ground,19,E+,4,-28.0804106221672,2.55314962658258E-6,79.8086902509193,107.889100873086,0.023905734234282,1.3459662440254E-5,0,"nP6,13(19)",Excited v=1 18  3 16 - Ground v=0 19  6 13
AsymmetricTop,Excited,18,E+,3,Ground,19,E+,4,-19.0267104903966,0.000224910769673964,88.8623903826899,107.889100873086,2.10589188752338,0.000368849263070097,0,"pP6,13(19)",Excited v=1 18  5 14 - Ground v=0 19  6 13
AsymmetricTop,Excited,18,E+,4,Ground,19,E+,4,-7.32963387308038,6.40545527151854E-5,100.559467000006,107.889100873086,0.599757686647865,6.00543382298925E-6,0,"rP6,13(19)",Excited v=1 18  7 12 - Ground v=0 19  6 13
AsymmetricTop,Excited,18,E+,4,Ground,19,E+,5,-21.4745467777645,0.000235131672750696,100.559467000006,122.034013777771,2.86762637473934,0.000722131525286731,0,"pP8,11(19)",Excited v=1 18  7 12 - Ground v=0 19  8 11
AsymmetricTop,Excited,18,E+,5,Ground,19,E+,5,-6.09844786025739,3.44763401971673E-5,115.935565917513,122.034013777771,0.420467652431953,2.42500285292176E-6,0,"rP8,11(19)",Excited v=1 18  9 10 - Ground v=0 19  8 11
AsymmetricTop,Excited,18,E+,5,Ground,19,E+,6,-24.1342244638954,0.000205563847261246,115.935565917513,140.069790381409,3.51170514459435,0.00125527767560041,0,"pP10,9(19)",Excited v=1 18  9 10 - Ground v=0 19 10  9
AsymmetricTop,Excited,18,E+,6,Ground,19,E+,6,-5.1881457249435,1.54660277969471E-5,134.881644656465,140.069790381409,0.26421051223056,9.38227827299588E-7,0,"rP10,9(19)",Excited v=1 18 11  8 - Ground v=0 19 10  9
AsymmetricTop,Excited,18,E+,6,Ground,19,E+,7,-26.9625757298868,0.000161466876611963,134.881644656465,161.844220386352,4.14336986922301,0.00206518782341513,0,"pP12,7(19)",Excited v=1 18 11  8 - Ground v=0 19 12  7
AsymmetricTop,Excited,18,E+,7,Ground,19,E+,7,-4.50287640889309,5.53754976815985E-6,157.341343977459,161.844220386352,0.142097979103514,3.29898013874773E-7,0,"rP12,7(19)",Excited v=1 18 13  6 - Ground v=0 19 12  7
AsymmetricTop,Excited,18,E+,7,Ground,19,E+,8,-29.9700881010063,0.000115936284153034,157.341343977459,187.311432078465,4.78801408053027,0.00327748864863043,0,"pP14,5(19)",Excited v=1 18 13  6 - Ground v=0 19 14  5
AsymmetricTop,Excited,18,E+,8,Ground,19,E+,8,-4.01931047410349,1.37833113452043E-6,183.292121604362,187.311432078465,0.0569232395874088,9.39866113210697E-8,0,"rP14,5(19)",Excited v=1 18 15  4 - Ground v=0 19 14  5
AsymmetricTop,Excited,18,E+,8,Ground,19,E+,9,-33.1595012899804,7.66437661286229E-5,183.292121604362,216.451622894342,5.45613108067194,0.00505860168916197,0,"pP16,3(19)",Excited v=1 18 15  4 - Ground v=0 19 16  3
AsymmetricTop,Excited,18,E+,9,Ground,19,E+,10,-36.5315577453882,4.68246578615063E-5,212.723440535265,249.254998280654,6.15291815663905,0.00762794285747992,0,"pP18,1(19)",Excited v=1 18 17  2 - Ground v=0 19 18  1
AsymmetricTop,Excited,19,E-,1,Ground,19,E+,1,-10.3804224080647,0.000154178511886311,70.6190416858653,80.9994640939299,0.873455819067172,2.35692008607135E-5,0,"rQ0,19(19)",Excited v=1 19  1 18 - Ground v=0 19  0 19
AsymmetricTop,Excited,19,E-,2,Ground,19,E+,1,1.65327248952487,0.000306552482125192,82.6527365834548,80.9994640939299,1.7366885053293,1.89327666754671E-7,0,"tQ0,19(19)",Excited v=1 19  3 16 - Ground v=0 19  0 19
AsymmetricTop,Excited,19,E-,3,Ground,19,E+,1,10.1255173103598,1.90875303309032E-6,91.1249814042898,80.9994640939299,0.0108135136571057,2.7081787745465E-7,0,"vQ0,19(19)",Excited v=1 19  5 14 - Ground v=0 19  0 19
AsymmetricTop,Excited,19,E-,2,Ground,19,E+,2,-9.48252985406373,0.000373911658473302,82.6527365834548,92.1352664375185,2.6082718588028,5.36518062093139E-5,0,"rQ2,17(19)",Excited v=1 19  3 16 - Ground v=0 19  2 17
AsymmetricTop,Excited,19,E-,3,Ground,19,E+,2,-1.01028503322875,0.000534226055210332,91.1249814042898,92.1352664375185,3.72656683595714,9.27042207937775E-8,0,"tQ2,17(19)",Excited v=1 19  5 14 - Ground v=0 19  2 17
AsymmetricTop,Excited,19,E-,4,Ground,19,E+,2,5.28462963511542,2.65065777223739E-5,97.4198960726339,92.1352664375185,0.18490025432404,6.58324490415604E-7,0,"vQ2,17(19)",Excited v=1 19  7 12 - Ground v=0 19  2 17
AsymmetricTop,Excited,19,E-,2,Ground,19,E+,3,-16.1583528054424,7.92386359260644E-6,82.6527365834548,98.8110893888971,0.0626173919907453,6.37301689803854E-6,0,"pQ4,15(19)",Excited v=1 19  3 16 - Ground v=0 19  4 15
AsymmetricTop,Excited,19,E-,3,Ground,19,E+,3,-7.68610798460739,0.000642577489261404,91.1249814042898,98.8110893888971,5.07789237652374,5.56239431649654E-5,0,"rQ4,15(19)",Excited v=1 19  5 14 - Ground v=0 19  4 15
AsymmetricTop,Excited,19,E-,4,Ground,19,E+,3,-1.39119331626321,0.000547709142733389,97.4198960726339,98.8110893888971,4.32820652281956,2.81144284021635E-7,0,"tQ4,15(19)",Excited v=1 19  7 12 - Ground v=0 19  4 15
AsymmetricTop,Excited,19,E-,5,Ground,19,E+,3,9.91916576983297,3.17548474221711E-6,108.73025515873,98.8110893888971,0.0250938914508287,5.90816064451548E-7,0,"vQ4,15(19)",Excited v=1 19  9 10 - Ground v=0 19  4 15
AsymmetricTop,Excited,19,E-,3,Ground,19,E+,4,-16.7641194687967,1.01467382402916E-5,91.1249814042898,107.889100873086,0.0950062719363273,1.07982493935792E-5,0,"pQ6,13(19)",Excited v=1 19  5 14 - Ground v=0 19  6 13
AsymmetricTop,Excited,19,E-,4,Ground,19,E+,4,-10.4692048004526,0.000385577966734136,97.4198960726339,107.889100873086,3.61025625109126,9.99396791987178E-5,0,"rQ6,13(19)",Excited v=1 19  7 12 - Ground v=0 19  6 13
AsymmetricTop,Excited,19,E-,5,Ground,19,E+,4,0.841154285643611,0.000353850606243047,108.73025515873,107.889100873086,3.31318558983493,4.75698284509568E-8,0,"tQ6,13(19)",Excited v=1 19  9 10 - Ground v=0 19  6 13
AsymmetricTop,Excited,19,E-,5,Ground,19,E+,5,-13.3037586190405,0.000251673916485913,108.73025515873,122.034013777771,3.06937279995519,0.000174353851429761,0,"rQ8,11(19)",Excited v=1 19  9 10 - Ground v=0 19  8 11
AsymmetricTop,Excited,19,E-,6,Ground,19,E+,5,2.01669622402902,0.00023269667830342,124.0507100018,122.034013777771,2.83792959158093,5.61541564240517E-7,0,"tQ8,11(19)",Excited v=1 19 11  8 - Ground v=0 19  8 11
AsymmetricTop,Excited,19,E-,6,Ground,19,E+,6,-16.019080379609,0.000152608312173136,124.0507100018,140.069790381409,2.6070508122237,0.000258536028431724,0,"rQ10,9(19)",Excited v=1 19 11  8 - Ground v=0 19 10  9
AsymmetricTop,Excited,19,E-,7,Ground,19,E+,6,2.89901780965272,0.000138756041366468,142.968808191061,140.069790381409,2.37040856552422,1.3932680992405E-6,0,"tQ10,9(19)",Excited v=1 19 13  6 - Ground v=0 19 10  9
AsymmetricTop,Excited,19,E-,7,Ground,19,E+,7,-18.8754121952906,8.27789997760363E-5,142.968808191061,161.844220386352,2.12417568651375,0.000344618511483327,0,"rQ12,7(19)",Excited v=1 19 13  6 - Ground v=0 19 12  7
AsymmetricTop,Excited,19,E-,8,Ground,19,E+,7,3.56769531124453,7.27144326280188E-5,165.411915697596,161.844220386352,1.8659108018335,2.04415106372952E-6,0,"tQ12,7(19)",Excited v=1 19 15  4 - Ground v=0 19 12  7
AsymmetricTop,Excited,19,E-,8,Ground,19,E+,8,-21.8995163808687,3.85966705992795E-5,165.411915697596,187.311432078465,1.5939910757102,0.000403876229968874,0,"rQ14,5(19)",Excited v=1 19 15  4 - Ground v=0 19 14  5
AsymmetricTop,Excited,19,E-,9,Ground,19,E+,8,4.04057302514096,3.16548333683014E-5,191.352005103606,187.311432078465,1.30730244626612,2.08048117194682E-6,0,"tQ14,5(19)",Excited v=1 19 17  2 - Ground v=0 19 14  5
AsymmetricTop,Excited,19,E-,9,Ground,19,E+,9,-25.0996177907359,1.41183226330647E-5,191.352005103606,216.451622894342,1.00505785161894,0.000383399216357913,0,"rQ16,3(19)",Excited v=1 19 17  2 - Ground v=0 19 16  3
AsymmetricTop,Excited,19,E-,10,Ground,19,E+,9,4.3244018066209,9.64610045808756E-6,220.776024700963,216.451622894342,0.686688444149933,1.33966649195699E-6,0,"tQ16,3(19)",Excited v=1 19 19  0 - Ground v=0 19 16  3
AsymmetricTop,Excited,19,E-,10,Ground,19,E+,10,-28.4789735796907,2.67705675048003E-6,220.776024700963,249.254998280654,0.351774296677195,0.000196017992452794,0,"rQ18,1(19)",Excited v=1 19 19  0 - Ground v=0 19 18  1
AsymmetricTop,Excited,18,O-,1,Ground,19,O-,1,-10.6246655365654,0.00117494423977844,63.7111855338458,74.3358510704111,5.8770488026719,0.000179236649807833,0,"pP1,19(19)",Excited v=1 18  0 18 - Ground v=0 19  1 19
AsymmetricTop,Excited,18,O-,2,Ground,19,O-,1,0.682265380744383,1.47596330911909E-6,75.0181164511555,74.3358510704111,0.00738274047820492,5.96210095690796E-11,0,"rP1,19(19)",Excited v=1 18  2 16 - Ground v=0 19  1 19
AsymmetricTop,Excited,18,O-,1,Ground,19,O-,2,-23.3123985131702,4.79221915044675E-6,63.7111855338458,87.023584047016,0.0303836080702045,9.78863059511338E-6,0,"nP3,17(19)",Excited v=1 18  0 18 - Ground v=0 19  3 17
AsymmetricTop,Excited,18,O-,2,Ground,19,O-,2,-12.0054675958605,0.000628903707772276,75.0181164511555,87.023584047016,3.98737269122383,0.000175446936048125,0,"pP3,17(19)",Excited v=1 18  2 16 - Ground v=0 19  3 17
AsymmetricTop,Excited,18,O-,3,Ground,19,O-,2,-4.43238024849597,1.26254950171865E-5,82.59120379852,87.023584047016,0.0800481113762825,1.7724901932224E-7,0,"rP3,17(19)",Excited v=1 18  4 14 - Ground v=0 19  3 17
AsymmetricTop,Excited,18,O-,2,Ground,19,O-,3,-22.2374100500909,2.30838151862017E-5,75.0181164511555,97.2555265012464,0.177191228631445,4.95469072970388E-5,0,"nP5,15(19)",Excited v=1 18  2 16 - Ground v=0 19  5 15
AsymmetricTop,Excited,18,O-,3,Ground,19,O-,3,-14.6643227027264,0.000250212572615222,82.59120379852,97.2555265012464,1.92063022525094,0.000154010916396433,0,"pP5,15(19)",Excited v=1 18  4 14 - Ground v=0 19  5 15
AsymmetricTop,Excited,18,O-,4,Ground,19,O-,3,-8.21190677246126,8.09432428054253E-5,89.0436197287851,97.2555265012464,0.62131985230413,8.74921280110985E-6,0,"rP5,15(19)",Excited v=1 18  6 12 - Ground v=0 19  5 15
AsymmetricTop,Excited,18,O-,3,Ground,19,O-,4,-25.2612917661317,6.62485237033176E-6,82.59120379852,107.852495564652,0.0619876216266797,2.54093383752605E-5,0,"nP7,13(19)",Excited v=1 18  4 14 - Ground v=0 19  7 13
AsymmetricTop,Excited,18,O-,4,Ground,19,O-,4,-18.8088758358666,0.000227669892796306,89.0436197287851,107.852495564652,2.13026862811999,0.000360449650468862,0,"pP7,13(19)",Excited v=1 18  6 12 - Ground v=0 19  7 13
AsymmetricTop,Excited,18,O-,5,Ground,19,O-,4,-7.29201927318567,6.40212644691399E-5,100.560476291466,107.852495564652,0.599036128827109,5.90633611810243E-6,0,"rP7,13(19)",Excited v=1 18  8 10 - Ground v=0 19  7 13
AsymmetricTop,Excited,18,O-,5,Ground,19,O-,5,-21.4734142883554,0.000235137718157069,100.560476291466,122.033890579821,2.86769350204608,0.000722034185010577,0,"pP9,11(19)",Excited v=1 18  8 10 - Ground v=0 19  9 11
AsymmetricTop,Excited,18,O-,6,Ground,19,O-,5,-6.09832335764446,3.44763528221595E-5,115.935567222177,122.033890579821,0.42046683848617,2.42484963925515E-6,0,"rP9,11(19)",Excited v=1 18 10  8 - Ground v=0 19  9 11
AsymmetricTop,Excited,18,O-,6,Ground,19,O-,6,-24.1342230435146,0.000205563851276863,115.935567222177,140.069790265691,3.51170520560118,0.00125527747577561,0,"pP11,9(19)",Excited v=1 18 10  8 - Ground v=0 19 11  9
AsymmetricTop,Excited,18,O-,7,Ground,19,O-,6,-5.18814560872661,1.54660278129441E-5,134.881644656965,140.069790265691,0.264210511932559,9.38227763191148E-7,0,"rP11,9(19)",Excited v=1 18 12  6 - Ground v=0 19 11  9
AsymmetricTop,Excited,18,O-,7,Ground,19,O-,7,-26.962575729352,0.000161466876612779,134.881644656965,161.844220386317,4.14336986924124,0.00206518782330134,0,"pP13,7(19)",Excited v=1 18 12  6 - Ground v=0 19 13  7
AsymmetricTop,Excited,18,O-,8,Ground,19,O-,7,-4.50287640885799,5.53754976816211E-6,157.341343977459,161.844220386317,0.142097979103479,3.29898013866977E-7,0,"rP13,7(19)",Excited v=1 18 14  4 - Ground v=0 19 13  7
AsymmetricTop,Excited,18,O-,8,Ground,19,O-,8,-29.9700881010062,0.000115936284153035,157.341343977459,187.311432078465,4.78801408053028,0.0032774886486304,0,"pP15,5(19)",Excited v=1 18 14  4 - Ground v=0 19 15  5
AsymmetricTop,Excited,18,O-,9,Ground,19,O-,8,-4.01931047410341,1.37833113452046E-6,183.292121604362,187.311432078465,0.0569232395874099,9.39866113210656E-8,0,"rP15,5(19)",Excited v=1 18 16  2 - Ground v=0 19 15  5
AsymmetricTop,Excited,18,O-,9,Ground,19,O-,9,-33.1595012899801,7.66437661286232E-5,183.292121604362,216.451622894342,5.45613108067194,0.00505860168916185,0,"pP17,3(19)",Excited v=1 18 16  2 - Ground v=0 19 17  3
AsymmetricTop,Excited,18,O-,10,Ground,19,O-,10,-36.5315577453883,4.68246578615062E-5,212.723440535265,249.254998280654,6.15291815663905,0.00762794285748001,0,"pP19,1(19)",Excited v=1 18 18  0 - Ground v=0 19 19  1
AsymmetricTop,Excited,19,O+,1,Ground,19,O-,1,2.61449485174282,0.000174620379012284,76.9503459221539,74.3358510704111,0.873447823864203,3.76581668772132E-7,0,"rQ1,19(19)",Excited v=1 19  2 18 - Ground v=0 19  1 19
AsymmetricTop,Excited,19,O+,1,Ground,19,O-,2,-10.073238124862,0.000273833054219888,76.9503459221539,87.023584047016,1.73615519968625,4.28109319820379E-5,0,"pQ3,17(19)",Excited v=1 19  2 18 - Ground v=0 19  3 17
AsymmetricTop,Excited,19,O+,2,Ground,19,O-,2,0.735853289937069,0.000408389916530559,87.759437336953,87.023584047016,2.58927206251227,2.48891593759996E-8,0,"rQ3,17(19)",Excited v=1 19  4 16 - Ground v=0 19  3 17
AsymmetricTop,Excited,19,O+,3,Ground,19,O-,2,10.0780485416707,3.65774023677571E-6,97.1016325886867,87.023584047016,0.023190789546102,5.72669044110828E-7,0,"tQ3,17(19)",Excited v=1 19  6 14 - Ground v=0 19  3 17
AsymmetricTop,Excited,19,O+,1,Ground,19,O-,3,-20.3051805790924,1.1680752681403E-6,76.9503459221539,97.2555265012464,0.00896613883910755,1.81085994888809E-6,0,"nQ5,15(19)",Excited v=1 19  2 18 - Ground v=0 19  5 15
AsymmetricTop,Excited,19,O+,2,Ground,19,O-,3,-9.49608916429334,0.000434799717511454,87.759437336953,97.2555265012464,3.33752005606559,6.8947269421464E-5,0,"pQ5,15(19)",Excited v=1 19  4 16 - Ground v=0 19  5 15
AsymmetricTop,Excited,19,O+,3,Ground,19,O-,3,-0.153893912559667,0.000478558479251542,97.1016325886867,97.2555265012464,3.67341205197585,3.22992773394095E-10,0,"rQ5,15(19)",Excited v=1 19  6 14 - Ground v=0 19  5 15
AsymmetricTop,Excited,19,O+,4,Ground,19,O-,3,11.4723179089474,2.51837313638639E-6,108.727844410194,97.2555265012464,0.0193310172772248,7.04153048976906E-7,0,"tQ5,15(19)",Excited v=1 19  8 12 - Ground v=0 19  5 15
AsymmetricTop,Excited,19,O+,2,Ground,19,O-,4,-20.0930582276986,3.09647574227288E-6,87.759437336953,107.852495564652,0.0289731990931281,5.670135202319E-6,0,"nQ7,13(19)",Excited v=1 19  4 16 - Ground v=0 19  7 13
AsymmetricTop,Excited,19,O+,3,Ground,19,O-,4,-10.750862975965,0.000380170224998213,97.1016325886867,107.852495564652,3.55718840867375,0.000106633995912037,0,"pQ7,13(19)",Excited v=1 19  6 14 - Ground v=0 19  7 13
AsymmetricTop,Excited,19,O+,4,Ground,19,O-,4,0.875348845542106,0.00035378658831578,108.727844410194,107.852495564652,3.31032118863869,5.356393314389E-8,0,"rQ7,13(19)",Excited v=1 19  8 12 - Ground v=0 19  7 13
AsymmetricTop,Excited,19,O+,4,Ground,19,O-,5,-13.3060461696276,0.00025166384291176,108.727844410194,122.033890579821,3.06924287891539,0.000174436422229319,0,"pQ9,11(19)",Excited v=1 19  8 12 - Ground v=0 19  9 11
AsymmetricTop,Excited,19,O+,5,Ground,19,O-,5,2.01681527116244,0.000232696845113686,124.050705850984,122.033890579821,2.83792509304436,5.61640124521996E-7,0,"rQ9,11(19)",Excited v=1 19 10 10 - Ground v=0 19  9 11
AsymmetricTop,Excited,19,O+,5,Ground,19,O-,6,-16.0190844147077,0.000152608305599533,124.050705850984,140.069790265691,2.60705069428797,0.000258536212106775,0,"pQ11,9(19)",Excited v=1 19 10 10 - Ground v=0 19 11  9
AsymmetricTop,Excited,19,O+,6,Ground,19,O-,6,2.89901792317247,0.00013875604152911,142.968808188864,140.069790265691,2.37040856317734,1.39326826153385E-6,0,"rQ11,9(19)",Excited v=1 19 12  8 - Ground v=0 19 11  9
AsymmetricTop,Excited,19,O+,6,Ground,19,O-,7,-18.875412197453,8.2778999774711E-5,142.968808188864,161.844220386317,2.12417568647835,0.000344618511596023,0,"pQ13,7(19)",Excited v=1 19 12  8 - Ground v=0 19 13  7
AsymmetricTop,Excited,19,O+,7,Ground,19,O-,7,3.56769531127912,7.27144326280507E-5,165.411915697596,161.844220386317,1.8659108018331,2.04415106378853E-6,0,"rQ13,7(19)",Excited v=1 19 14  6 - Ground v=0 19 13  7
AsymmetricTop,Excited,19,O+,7,Ground,19,O-,8,-21.8995163808691,3.85966705992793E-5,165.411915697596,187.311432078465,1.59399107571019,0.000403876229968893,0,"pQ15,5(19)",Excited v=1 19 14  6 - Ground v=0 19 15  5
AsymmetricTop,Excited,19,O+,8,Ground,19,O-,8,4.04057302514093,3.16548333683014E-5,191.352005103606,187.311432078465,1.30730244626612,2.08048117194678E-6,0,"rQ15,5(19)",Excited v=1 19 16  4 - Ground v=0 19 15  5
AsymmetricTop,Excited,19,O+,8,Ground,19,O-,9,-25.0996177907358,1.41183226330647E-5,191.352005103606,216.451622894342,1.00505785161894,0.000383399216357905,0,"pQ17,3(19)",Excited v=1 19 16  4 - Ground v=0 19 17  3
AsymmetricTop,Excited,19,O+,9,Ground,19,O-,9,4.3244018066211,9.64610045808761E-6,220.776024700963,216.451622894342,0.686688444149934,1.33966649195718E-6,0,"rQ17,3(19)",Excited v=1 19 18  2 - Ground v=0 19 17  3
AsymmetricTop,Excited,19,O+,9,Ground,19,O-,10,-28.4789735796908,2.67705675048003E-6,220.776024700963,249.254998280654,0.351774296677197,0.000196017992452798,0,"pQ19,1(19)",Excited v=1 19 18  2 - Ground v=0 19 19  1
AsymmetricTop,Excited,18,O+,1,Ground,19,O+,1,-10.6246174633731,0.0011749440886075,63.7112172390837,74.3358347024568,5.87704624906926,0.000179234138976343,0,"rP1,18(19)",Excited v=1 18  2 17 - Ground v=0 19  1 18
AsymmetricTop,Excited,18,O+,2,Ground,19,O+,1,0.716765695866386,1.4744258554065E-6,75.0526003983232,74.3358347024568,0.00737504790829434,6.90586684467082E-11,0,"tP1,18(19)",Excited v=1 18  4 15 - Ground v=0 19  1 18
AsymmetricTop,Excited,18,O+,1,Ground,19,O+,2,-23.2916640642288,4.79651845511362E-6,63.7112172390837,87.0028813033125,0.0303991046556938,9.7675144850839E-6,0,"pP3,16(19)",Excited v=1 18  2 17 - Ground v=0 19  3 16
AsymmetricTop,Excited,18,O+,2,Ground,19,O+,2,-11.9502809049893,0.000628557736431714,75.0526003983232,87.0028813033125,3.98363783872505,0.00017287647927779,0,"rP3,16(19)",Excited v=1 18  4 15 - Ground v=0 19  3 16
AsymmetricTop,Excited,18,O+,3,Ground,19,O+,2,-2.78419251780839,9.05459124538341E-6,84.2186887855041,87.0028813033125,0.0573856786873175,3.14936521848302E-8,0,"tP3,16(19)",Excited v=1 18  6 13 - Ground v=0 19  3 16
AsymmetricTop,Excited,18,O+,2,Ground,19,O+,3,-20.8684326074387,2.90269385696468E-5,75.0526003983232,95.9210330057619,0.217323396321208,5.02224269251693E-5,0,"pP5,14(19)",Excited v=1 18  4 15 - Ground v=0 19  5 14
AsymmetricTop,Excited,18,O+,3,Ground,19,O+,3,-11.7023442202578,0.000203345720949949,84.2186887855041,95.9210330057619,1.52244035650519,6.20412603532979E-5,0,"rP5,14(19)",Excited v=1 18  6 13 - Ground v=0 19  5 14
AsymmetricTop,Excited,18,O+,4,Ground,19,O+,3,-1.6714553673477,3.1741909248086E-6,94.2495776384142,95.9210330057619,0.0237650260876187,2.82191784796649E-9,0,"tP5,14(19)",Excited v=1 18  8 11 - Ground v=0 19  5 14
AsymmetricTop,Excited,18,O+,2,Ground,19,O+,4,-27.4946585890498,1.86451928132217E-6,75.0526003983232,102.547258987373,0.0157995161049795,8.35046188738947E-6,0,"nP7,12(19)",Excited v=1 18  4 15 - Ground v=0 19  7 12
AsymmetricTop,Excited,18,O+,3,Ground,19,O+,4,-18.3285702018689,0.000171826832409037,84.2186887855041,102.547258987373,1.45602184601121,0.000227968778125883,0,"pP7,12(19)",Excited v=1 18  6 13 - Ground v=0 19  7 12
AsymmetricTop,Excited,18,O+,4,Ground,19,O+,4,-8.29768134895883,8.12137593224599E-5,94.2495776384142,102.547258987373,0.688187089945905,9.99766310874864E-6,0,"rP7,12(19)",Excited v=1 18  8 11 - Ground v=0 19  7 12
AsymmetricTop,Excited,18,O+,3,Ground,19,O+,5,-30.2342114168796,1.580085221315E-6,84.2186887855041,114.452900202384,0.0167252029950904,1.1754091112514E-5,0,"nP9,10(19)",Excited v=1 18  6 13 - Ground v=0 19  9 10
AsymmetricTop,Excited,18,O+,4,Ground,19,O+,5,-20.2033225639694,0.000237997524221865,94.2495776384142,114.452900202384,2.51920393358713,0.000528266946171355,0,"pP9,10(19)",Excited v=1 18  8 11 - Ground v=0 19  9 10
AsymmetricTop,Excited,18,O+,5,Ground,19,O+,5,-6.65782860994142,4.80643697024272E-5,107.795071592442,114.452900202384,0.508761381512795,3.81798035689255E-6,0,"rP9,10(19)",Excited v=1 18 10  9 - Ground v=0 19  9 10
AsymmetricTop,Excited,18,O+,5,Ground,19,O+,6,-22.7846230906048,0.000223244645952594,107.795071592442,130.579694683047,3.1940408817373,0.000960699877427493,0,"pP11,8(19)",Excited v=1 18 10  9 - Ground v=0 19 11  8
AsymmetricTop,Excited,18,O+,6,Ground,19,O+,6,-5.61256229690261,2.36532993999975E-5,124.967132386144,130.579694683047,0.338416202320065,1.52144546327745E-6,0,"rP11,8(19)",Excited v=1 18 12  7 - Ground v=0 19 11  8
AsymmetricTop,Excited,18,O+,6,Ground,19,O+,7,-25.5263497203584,0.000184371092637247,124.967132386144,150.493482106503,3.82694422342478,0.00161860171357764,0,"pP13,6(19)",Excited v=1 18 12  7 - Ground v=0 19 13  6
AsymmetricTop,Excited,18,O+,7,Ground,19,O+,7,-4.81936397251417,9.56964868407764E-6,145.674118133989,150.493482106503,0.198634781775638,5.65387491797141E-7,0,"rP13,6(19)",Excited v=1 18 14  5 - Ground v=0 19 13  6
AsymmetricTop,Excited,18,O+,7,Ground,19,O+,8,-28.4436874792929,0.000138286361872893,145.674118133989,174.117805613282,4.4632318328254,0.00261173349672284,0,"pP15,4(19)",Excited v=1 18 14  5 - Ground v=0 19 15  4
AsymmetricTop,Excited,18,O+,8,Ground,19,O+,8,-4.23663197132066,2.93787611473146E-6,169.881173641961,174.117805613282,0.0948207908471785,1.83352784347126E-7,0,"rP15,4(19)",Excited v=1 18 16  3 - Ground v=0 19 15  4
AsymmetricTop,Excited,18,O+,8,Ground,19,O+,9,-31.5419890210015,9.52161306685949E-5,169.881173641961,201.423162662962,5.11873810856111,0.00408462186091174,0,"pP17,2(19)",Excited v=1 18 16  3 - Ground v=0 19 17  2
AsymmetricTop,Excited,18,O+,9,Ground,19,O+,10,-34.8226818133942,6.04905598539582E-5,197.573132804139,232.395814617533,5.80072501020528,0.00622860284673385,0,"pP19,0(19)",Excited v=1 18 18  1 - Ground v=0 19 19  0
AsymmetricTop,Excited,19,O-,1,Ground,19,O+,1,2.6136552203225,0.000174622037438339,76.9494899227793,74.3358347024568,0.873455852140259,3.76222431551469E-7,0,"pQ1,18(19)",Excited v=1 19  0 19 - Ground v=0 19  1 18
AsymmetricTop,Excited,19,O-,1,Ground,19,O+,2,-10.0533913805332,0.000274023129166949,76.9494899227793,87.0028813033125,1.73668836252386,4.25714555987976E-5,0,"nQ3,16(19)",Excited v=1 19  0 19 - Ground v=0 19  3 16
AsymmetricTop,Excited,19,O-,2,Ground,19,O+,2,0.525621500372097,0.000411545871124411,87.5285028036846,87.0028813033125,2.60827225497109,9.13757852054776E-9,0,"pQ3,16(19)",Excited v=1 19  2 17 - Ground v=0 19  3 16
AsymmetricTop,Excited,19,O-,3,Ground,19,O+,2,6.86765377889017,9.88006400430215E-6,93.8705350822026,87.0028813033125,0.0626173134706764,4.89303637929027E-7,0,"rQ3,16(19)",Excited v=1 19  4 15 - Ground v=0 19  3 16
AsymmetricTop,Excited,19,O-,1,Ground,19,O+,3,-18.9715430829826,1.44431614093054E-6,76.9494899227793,95.9210330057619,0.0108135306227847,1.78128872597993E-6,0,"lQ5,14(19)",Excited v=1 19  0 19 - Ground v=0 19  5 14
AsymmetricTop,Excited,19,O-,2,Ground,19,O+,3,-8.39253020207732,0.000497741163752529,87.5285028036846,95.9210330057619,3.72656592551181,5.31430385729552E-5,0,"nQ5,14(19)",Excited v=1 19  2 17 - Ground v=0 19  5 14
AsymmetricTop,Excited,19,O-,3,Ground,19,O+,3,-2.05049792355925,0.000678232118460234,93.8705350822026,95.9210330057619,5.07789366502592,1.05613744142214E-6,0,"pQ5,14(19)",Excited v=1 19  4 15 - Ground v=0 19  5 14
AsymmetricTop,Excited,19,O-,4,Ground,19,O+,3,6.57361278395443,1.2689557502129E-5,102.494645789716,95.9210330057619,0.0950061518736835,6.51062855995994E-7,0,"rQ5,14(19)",Excited v=1 19  6 13 - Ground v=0 19  5 14
AsymmetricTop,Excited,19,O-,2,Ground,19,O+,4,-15.0187561836885,2.18203167272302E-5,87.5285028036846,102.547258987373,0.1849004453862,1.51111909561413E-5,0,"lQ7,12(19)",Excited v=1 19  2 17 - Ground v=0 19  7 12
AsymmetricTop,Excited,19,O-,3,Ground,19,O+,4,-8.67672390517038,0.000510776554714002,93.8705350822026,102.547258987373,4.32820538950243,6.82077984570307E-5,0,"nQ7,12(19)",Excited v=1 19  4 15 - Ground v=0 19  7 12
AsymmetricTop,Excited,19,O-,4,Ground,19,O+,4,-0.0526131976566973,0.000426050623703179,102.494645789716,102.547258987373,3.61025694835484,1.26847245460643E-11,0,"pQ7,12(19)",Excited v=1 19  6 13 - Ground v=0 19  7 12
AsymmetricTop,Excited,19,O-,5,Ground,19,O+,4,13.385054103279,1.19697029956598E-6,115.932313090652,102.547258987373,0.0101428565071015,5.86785684321198E-7,0,"rQ7,12(19)",Excited v=1 19  8 11 - Ground v=0 19  7 12
AsymmetricTop,Excited,19,O-,3,Ground,19,O+,5,-20.582365120181,2.37070680272017E-6,93.8705350822026,114.452900202384,0.0250939328983396,5.27853495829987E-6,0,"lQ9,10(19)",Excited v=1 19  4 15 - Ground v=0 19  9 10
AsymmetricTop,Excited,19,O-,4,Ground,19,O+,5,-11.9582544126673,0.000313007553533771,102.494645789716,114.452900202384,3.31318513788271,0.000136680924145333,0,"nQ9,10(19)",Excited v=1 19  6 13 - Ground v=0 19  9 10
AsymmetricTop,Excited,19,O-,5,Ground,19,O+,5,1.47941288826837,0.000289973827326005,115.932313090652,114.452900202384,3.06937313245327,2.39759992459113E-7,0,"pQ9,10(19)",Excited v=1 19  8 11 - Ground v=0 19  9 10
AsymmetricTop,Excited,19,O-,5,Ground,19,O+,6,-14.647381592395,0.000198354546435045,115.932313090652,130.579694683047,2.83792933841079,0.000215149529659906,0,"nQ11,8(19)",Excited v=1 19  8 11 - Ground v=0 19 11  8
AsymmetricTop,Excited,19,O-,6,Ground,19,O+,6,2.48660629547018,0.000182217510750636,133.066300978517,130.579694683047,2.60705100551225,9.67006626233636E-7,0,"pQ11,8(19)",Excited v=1 19 10  9 - Ground v=0 19 11  8
AsymmetricTop,Excited,19,O-,6,Ground,19,O+,7,-17.4271811279856,0.000114199414671419,133.066300978517,150.493482106503,2.37040841947577,0.000302665870671406,0,"nQ13,6(19)",Excited v=1 19 10  9 - Ground v=0 19 13  6
AsymmetricTop,Excited,19,O-,7,Ground,19,O+,7,3.25852753355733,0.000102336639713622,153.75200964006,150.493482106503,2.12417579456071,1.77301935340092E-6,0,"pQ13,6(19)",Excited v=1 19 12  7 - Ground v=0 19 13  6
AsymmetricTop,Excited,19,O-,7,Ground,19,O+,8,-20.3657959732214,5.78123690051312E-5,153.75200964006,174.117805613282,1.86591072452914,0.000380236551298322,0,"nQ15,4(19)",Excited v=1 19 12  7 - Ground v=0 19 15  4
AsymmetricTop,Excited,19,O-,8,Ground,19,O+,8,3.82805532658949,4.93873592606084E-5,177.945860939871,174.117805613282,1.59399112830619,2.15714507275773E-6,0,"pQ15,4(19)",Excited v=1 19 14  5 - Ground v=0 19 15  4
AsymmetricTop,Excited,19,O-,8,Ground,19,O+,9,-23.4773017230914,2.43177663618962E-5,177.945860939871,201.423162662962,1.30730241312757,0.000408112073074993,0,"nQ17,2(19)",Excited v=1 19 14  5 - Ground v=0 19 17  2
AsymmetricTop,Excited,19,O-,9,Ground,19,O+,9,4.20587977682851,1.86955689964643E-5,205.629042439791,201.423162662962,1.00505787004218,1.80393326606404E-6,0,"pQ17,2(19)",Excited v=1 19 16  3 - Ground v=0 19 17  2
AsymmetricTop,Excited,19,O-,9,Ground,19,O+,10,-26.7667721777423,7.16085797337492E-6,205.629042439791,232.395814617533,0.686688436029837,0.00031769221807686,0,"nQ19,0(19)",Excited v=1 19 16  3 - Ground v=0 19 19  0
AsymmetricTop,Excited,19,O-,10,Ground,19,O+,10,4.39643469519305,3.66833873921171E-6,236.792249312726,232.395814617533,0.351774298697582,7.21148693352566E-7,0,"pQ19,0(19)",Excited v=1 19 18  1 - Ground v=0 19 19  0

